<?xml version="1.0" encoding="UTF-8"?>
<!-- Generated by org.testng.reporters.JUnitReportReporter -->
<testsuite hostname="DREAMS-PC" failures="0" tests="37" name="skwolladmin.testcases.TestcasesAdmin" time="336.246" errors="2" timestamp="27 Aug 2019 12:34:01 GMT" skipped="0">
  <testcase classname="skwolladmin.testcases.TestcasesAdmin" name="menuHappyHourList" time="6.633"/>
  <testcase classname="skwolladmin.testcases.TestcasesAdmin" name="ambassadorPlan" time="10.636"/>
  <testcase classname="skwolladmin.testcases.TestcasesAdmin" name="massNotificationList" time="8.767"/>
  <testcase classname="skwolladmin.testcases.TestcasesAdmin" name="blogAddCategory" time="7.402"/>
  <testcase classname="skwolladmin.testcases.TestcasesAdmin" name="SubscriptionList" time="8.736"/>
  <testcase classname="skwolladmin.testcases.TestcasesAdmin" name="inactiveCommentList" time="6.666"/>
  <testcase classname="skwolladmin.testcases.TestcasesAdmin" name="menuSubcategoryList" time="6.932"/>
  <testcase classname="skwolladmin.testcases.TestcasesAdmin" name="menuAddHappyHour" time="18.184"/>
  <testcase classname="skwolladmin.testcases.TestcasesAdmin" name="welcomeDrink" time="9.525"/>
  <testcase classname="skwolladmin.testcases.TestcasesAdmin" name="menuAddCategory" time="7.588"/>
  <testcase classname="skwolladmin.testcases.TestcasesAdmin" name="usersEnquiryList" time="6.523"/>
  <testcase classname="skwolladmin.testcases.TestcasesAdmin" name="venuesNewvenuerequests" time="6.403"/>
  <testcase classname="skwolladmin.testcases.TestcasesAdmin" name="menuCategoryList" time="8.614"/>
  <testcase classname="skwolladmin.testcases.TestcasesAdmin" name="Dashboard" time="10.928"/>
  <testcase classname="skwolladmin.testcases.TestcasesAdmin" name="usersAddUsers" time="10.178"/>
  <testcase classname="skwolladmin.testcases.TestcasesAdmin" name="ambassadorList" time="8.604"/>
  <testcase classname="skwolladmin.testcases.TestcasesAdmin" name="venuesCategories" time="10.090"/>
  <testcase classname="skwolladmin.testcases.TestcasesAdmin" name="venuesBartender" time="6.875"/>
  <testcase classname="skwolladmin.testcases.TestcasesAdmin" name="eventList" time="8.743"/>
  <testcase classname="skwolladmin.testcases.TestcasesAdmin" name="venuesList" time="6.501"/>
  <testcase classname="skwolladmin.testcases.TestcasesAdmin" name="menuAddProduct" time="25.577"/>
  <testcase classname="skwolladmin.testcases.TestcasesAdmin" name="skwollImageList" time="13.924"/>
  <testcase classname="skwolladmin.testcases.TestcasesAdmin" name="usersBlockedUserList" time="6.583"/>
  <testcase classname="skwolladmin.testcases.TestcasesAdmin" name="couponList" time="8.718"/>
  <testcase classname="skwolladmin.testcases.TestcasesAdmin" name="stripeAddMoney" time="10.306"/>
  <testcase classname="skwolladmin.testcases.TestcasesAdmin" name="venuesAddBartender" time="7.106"/>
  <testcase classname="skwolladmin.testcases.TestcasesAdmin" name="subscription" time="10.032"/>
  <testcase classname="skwolladmin.testcases.TestcasesAdmin" name="menuAddSubcategory" time="12.707"/>
  <testcase classname="skwolladmin.testcases.TestcasesAdmin" name="venuesAdd" time="7.325">
    <error message="Cannot click &lt;input type=file&gt; elements
Build info: version: &#039;3.141.59&#039;, revision: &#039;e82be7d358&#039;, time: &#039;2018-11-14T08:25:48&#039;
System info: host: &#039;DREAMS-PC&#039;, ip: &#039;192.168.1.38&#039;, os.name: &#039;Windows 7&#039;, os.arch: &#039;amd64&#039;, os.version: &#039;6.1&#039;, java.version: &#039;9.0.4&#039;
Driver info: org.openqa.selenium.firefox.FirefoxDriver
Capabilities {acceptInsecureCerts: true, browserName: firefox, browserVersion: 68.0.1, javascriptEnabled: true, moz:accessibilityChecks: false, moz:buildID: 20190717172542, moz:geckodriverVersion: 0.24.0, moz:headless: false, moz:processID: 8064, moz:profile: C:\Users\DREAMS\AppData\Loc..., moz:shutdownTimeout: 60000, moz:useNonSpecCompliantPointerOrigin: false, moz:webdriverClick: true, pageLoadStrategy: normal, platform: WINDOWS, platformName: WINDOWS, platformVersion: 6.1, rotatable: false, setWindowRect: true, strictFileInteractability: false, timeouts: {implicit: 0, pageLoad: 300000, script: 30000}, unhandledPromptBehavior: dismiss and notify}
Session ID: 2a955bdb-b202-487a-b93e-540857f9691a" type="org.openqa.selenium.InvalidArgumentException">
      <![CDATA[org.openqa.selenium.InvalidArgumentException: Cannot click <input type=file> elements
Build info: version: '3.141.59', revision: 'e82be7d358', time: '2018-11-14T08:25:48'
System info: host: 'DREAMS-PC', ip: '192.168.1.38', os.name: 'Windows 7', os.arch: 'amd64', os.version: '6.1', java.version: '9.0.4'
Driver info: org.openqa.selenium.firefox.FirefoxDriver
Capabilities {acceptInsecureCerts: true, browserName: firefox, browserVersion: 68.0.1, javascriptEnabled: true, moz:accessibilityChecks: false, moz:buildID: 20190717172542, moz:geckodriverVersion: 0.24.0, moz:headless: false, moz:processID: 8064, moz:profile: C:\Users\DREAMS\AppData\Loc..., moz:shutdownTimeout: 60000, moz:useNonSpecCompliantPointerOrigin: false, moz:webdriverClick: true, pageLoadStrategy: normal, platform: WINDOWS, platformName: WINDOWS, platformVersion: 6.1, rotatable: false, setWindowRect: true, strictFileInteractability: false, timeouts: {implicit: 0, pageLoad: 300000, script: 30000}, unhandledPromptBehavior: dismiss and notify}
Session ID: 2a955bdb-b202-487a-b93e-540857f9691a
at java.base/jdk.internal.reflect.NativeConstructorAccessorImpl.newInstance0(Native Method)
at java.base/jdk.internal.reflect.NativeConstructorAccessorImpl.newInstance(Unknown Source)
at java.base/jdk.internal.reflect.DelegatingConstructorAccessorImpl.newInstance(Unknown Source)
at java.base/java.lang.reflect.Constructor.newInstance(Unknown Source)
at org.openqa.selenium.remote.http.W3CHttpResponseCodec.createException(W3CHttpResponseCodec.java:187)
at org.openqa.selenium.remote.http.W3CHttpResponseCodec.decode(W3CHttpResponseCodec.java:122)
at org.openqa.selenium.remote.http.W3CHttpResponseCodec.decode(W3CHttpResponseCodec.java:49)
at org.openqa.selenium.remote.HttpCommandExecutor.execute(HttpCommandExecutor.java:158)
at org.openqa.selenium.remote.service.DriverCommandExecutor.execute(DriverCommandExecutor.java:83)
at org.openqa.selenium.remote.RemoteWebDriver.execute(RemoteWebDriver.java:552)
at org.openqa.selenium.remote.RemoteWebElement.execute(RemoteWebElement.java:285)
at org.openqa.selenium.remote.RemoteWebElement.click(RemoteWebElement.java:84)
at skwolladmin.testcases.TestcasesAdmin.venuesAdd(TestcasesAdmin.java:185)
at java.base/jdk.internal.reflect.NativeMethodAccessorImpl.invoke0(Native Method)
at java.base/jdk.internal.reflect.NativeMethodAccessorImpl.invoke(Unknown Source)
at java.base/jdk.internal.reflect.DelegatingMethodAccessorImpl.invoke(Unknown Source)
at java.base/java.lang.reflect.Method.invoke(Unknown Source)
at org.testng.internal.MethodInvocationHelper.invokeMethod(MethodInvocationHelper.java:124)
at org.testng.internal.Invoker.invokeMethod(Invoker.java:583)
at org.testng.internal.Invoker.invokeTestMethod(Invoker.java:719)
at org.testng.internal.Invoker.invokeTestMethods(Invoker.java:989)
at org.testng.internal.TestMethodWorker.invokeTestMethods(TestMethodWorker.java:125)
at org.testng.internal.TestMethodWorker.run(TestMethodWorker.java:109)
at org.testng.TestRunner.privateRun(TestRunner.java:648)
at org.testng.TestRunner.run(TestRunner.java:505)
at org.testng.SuiteRunner.runTest(SuiteRunner.java:455)
at org.testng.SuiteRunner.runSequentially(SuiteRunner.java:450)
at org.testng.SuiteRunner.privateRun(SuiteRunner.java:415)
at org.testng.SuiteRunner.run(SuiteRunner.java:364)
at org.testng.SuiteRunnerWorker.runSuite(SuiteRunnerWorker.java:52)
at org.testng.SuiteRunnerWorker.run(SuiteRunnerWorker.java:84)
at org.testng.TestNG.runSuitesSequentially(TestNG.java:1208)
at org.testng.TestNG.runSuitesLocally(TestNG.java:1137)
at org.testng.TestNG.runSuites(TestNG.java:1049)
at org.testng.TestNG.run(TestNG.java:1017)
at org.testng.remote.AbstractRemoteTestNG.run(AbstractRemoteTestNG.java:115)
at org.testng.remote.RemoteTestNG.initAndRun(RemoteTestNG.java:251)
at org.testng.remote.RemoteTestNG.main(RemoteTestNG.java:77)
]]>
    </error>
  </testcase> <!-- venuesAdd -->
  <testcase classname="skwolladmin.testcases.TestcasesAdmin" name="venuesBlockedVenueList" time="6.521"/>
  <testcase classname="skwolladmin.testcases.TestcasesAdmin" name="menuProductList" time="6.632"/>
  <testcase classname="skwolladmin.testcases.TestcasesAdmin" name="userfeedback" time="8.661"/>
  <testcase classname="skwolladmin.testcases.TestcasesAdmin" name="blogCategoryList" time="6.810"/>
  <testcase classname="skwolladmin.testcases.TestcasesAdmin" name="usersUserList" time="7.069"/>
  <testcase classname="skwolladmin.testcases.TestcasesAdmin" name="skwollImageCategoryList" time="7.583">
    <error message="Element &lt;a href=&quot;http://dreamsdev.website/skwoll/dashboard/admin/product/subcategory-list&quot;&gt; could not be scrolled into view
Build info: version: &#039;3.141.59&#039;, revision: &#039;e82be7d358&#039;, time: &#039;2018-11-14T08:25:48&#039;
System info: host: &#039;DREAMS-PC&#039;, ip: &#039;192.168.1.38&#039;, os.name: &#039;Windows 7&#039;, os.arch: &#039;amd64&#039;, os.version: &#039;6.1&#039;, java.version: &#039;9.0.4&#039;
Driver info: org.openqa.selenium.firefox.FirefoxDriver
Capabilities {acceptInsecureCerts: true, browserName: firefox, browserVersion: 68.0.1, javascriptEnabled: true, moz:accessibilityChecks: false, moz:buildID: 20190717172542, moz:geckodriverVersion: 0.24.0, moz:headless: false, moz:processID: 8064, moz:profile: C:\Users\DREAMS\AppData\Loc..., moz:shutdownTimeout: 60000, moz:useNonSpecCompliantPointerOrigin: false, moz:webdriverClick: true, pageLoadStrategy: normal, platform: WINDOWS, platformName: WINDOWS, platformVersion: 6.1, rotatable: false, setWindowRect: true, strictFileInteractability: false, timeouts: {implicit: 0, pageLoad: 300000, script: 30000}, unhandledPromptBehavior: dismiss and notify}
Session ID: 2a955bdb-b202-487a-b93e-540857f9691a" type="org.openqa.selenium.ElementNotInteractableException">
      <![CDATA[org.openqa.selenium.ElementNotInteractableException: Element <a href="http://dreamsdev.website/skwoll/dashboard/admin/product/subcategory-list"> could not be scrolled into view
Build info: version: '3.141.59', revision: 'e82be7d358', time: '2018-11-14T08:25:48'
System info: host: 'DREAMS-PC', ip: '192.168.1.38', os.name: 'Windows 7', os.arch: 'amd64', os.version: '6.1', java.version: '9.0.4'
Driver info: org.openqa.selenium.firefox.FirefoxDriver
Capabilities {acceptInsecureCerts: true, browserName: firefox, browserVersion: 68.0.1, javascriptEnabled: true, moz:accessibilityChecks: false, moz:buildID: 20190717172542, moz:geckodriverVersion: 0.24.0, moz:headless: false, moz:processID: 8064, moz:profile: C:\Users\DREAMS\AppData\Loc..., moz:shutdownTimeout: 60000, moz:useNonSpecCompliantPointerOrigin: false, moz:webdriverClick: true, pageLoadStrategy: normal, platform: WINDOWS, platformName: WINDOWS, platformVersion: 6.1, rotatable: false, setWindowRect: true, strictFileInteractability: false, timeouts: {implicit: 0, pageLoad: 300000, script: 30000}, unhandledPromptBehavior: dismiss and notify}
Session ID: 2a955bdb-b202-487a-b93e-540857f9691a
at java.base/jdk.internal.reflect.NativeConstructorAccessorImpl.newInstance0(Native Method)
at java.base/jdk.internal.reflect.NativeConstructorAccessorImpl.newInstance(Unknown Source)
at java.base/jdk.internal.reflect.DelegatingConstructorAccessorImpl.newInstance(Unknown Source)
at java.base/java.lang.reflect.Constructor.newInstance(Unknown Source)
at org.openqa.selenium.remote.http.W3CHttpResponseCodec.createException(W3CHttpResponseCodec.java:187)
at org.openqa.selenium.remote.http.W3CHttpResponseCodec.decode(W3CHttpResponseCodec.java:122)
at org.openqa.selenium.remote.http.W3CHttpResponseCodec.decode(W3CHttpResponseCodec.java:49)
at org.openqa.selenium.remote.HttpCommandExecutor.execute(HttpCommandExecutor.java:158)
at org.openqa.selenium.remote.service.DriverCommandExecutor.execute(DriverCommandExecutor.java:83)
at org.openqa.selenium.remote.RemoteWebDriver.execute(RemoteWebDriver.java:552)
at org.openqa.selenium.remote.RemoteWebElement.execute(RemoteWebElement.java:285)
at org.openqa.selenium.remote.RemoteWebElement.click(RemoteWebElement.java:84)
at skwolladmin.testcases.TestcasesAdmin.skwollImageCategoryList(TestcasesAdmin.java:540)
at java.base/jdk.internal.reflect.NativeMethodAccessorImpl.invoke0(Native Method)
at java.base/jdk.internal.reflect.NativeMethodAccessorImpl.invoke(Unknown Source)
at java.base/jdk.internal.reflect.DelegatingMethodAccessorImpl.invoke(Unknown Source)
at java.base/java.lang.reflect.Method.invoke(Unknown Source)
at org.testng.internal.MethodInvocationHelper.invokeMethod(MethodInvocationHelper.java:124)
at org.testng.internal.Invoker.invokeMethod(Invoker.java:583)
at org.testng.internal.Invoker.invokeTestMethod(Invoker.java:719)
at org.testng.internal.Invoker.invokeTestMethods(Invoker.java:989)
at org.testng.internal.TestMethodWorker.invokeTestMethods(TestMethodWorker.java:125)
at org.testng.internal.TestMethodWorker.run(TestMethodWorker.java:109)
at org.testng.TestRunner.privateRun(TestRunner.java:648)
at org.testng.TestRunner.run(TestRunner.java:505)
at org.testng.SuiteRunner.runTest(SuiteRunner.java:455)
at org.testng.SuiteRunner.runSequentially(SuiteRunner.java:450)
at org.testng.SuiteRunner.privateRun(SuiteRunner.java:415)
at org.testng.SuiteRunner.run(SuiteRunner.java:364)
at org.testng.SuiteRunnerWorker.runSuite(SuiteRunnerWorker.java:52)
at org.testng.SuiteRunnerWorker.run(SuiteRunnerWorker.java:84)
at org.testng.TestNG.runSuitesSequentially(TestNG.java:1208)
at org.testng.TestNG.runSuitesLocally(TestNG.java:1137)
at org.testng.TestNG.runSuites(TestNG.java:1049)
at org.testng.TestNG.run(TestNG.java:1017)
at org.testng.remote.AbstractRemoteTestNG.run(AbstractRemoteTestNG.java:115)
at org.testng.remote.RemoteTestNG.initAndRun(RemoteTestNG.java:251)
at org.testng.remote.RemoteTestNG.main(RemoteTestNG.java:77)
]]>
    </error>
  </testcase> <!-- skwollImageCategoryList -->
  <testcase classname="skwolladmin.testcases.TestcasesAdmin" name="blogList" time="6.571"/>
  <testcase classname="skwolladmin.testcases.TestcasesAdmin" name="History" time="9.593"/>
</testsuite> <!-- skwolladmin.testcases.TestcasesAdmin -->
