<?xml version="1.0" encoding="UTF-8"?>
<!-- Generated by org.testng.reporters.JUnitXMLReporter -->
<testsuite ignored="15" hostname="DREAMS-PC" failures="1" tests="1" name="Default test" time="48.339" errors="0" timestamp="27 Aug 2019 14:04:23 GMT">
  <testcase classname="skwoll.testcases.LoginTest" name="Dashboard" time="24.479">
    <failure type="org.openqa.selenium.NoSuchElementException" message="Unable to locate element: //h3[text()=&amp;apos;Added products&amp;apos;]/h2
For documentation on this error, please visit: https://www.seleniumhq.org/exceptions/no_such_element.html
Build info: version: &amp;apos;3.141.59&amp;apos;, revision: &amp;apos;e82be7d358&amp;apos;, time: &amp;apos;2018-11-14T08:25:48&amp;apos;
System info: host: &amp;apos;DREAMS-PC&amp;apos;, ip: &amp;apos;192.168.1.38&amp;apos;, os.name: &amp;apos;Windows 7&amp;apos;, os.arch: &amp;apos;amd64&amp;apos;, os.version: &amp;apos;6.1&amp;apos;, java.version: &amp;apos;9.0.4&amp;apos;
Driver info: org.openqa.selenium.firefox.FirefoxDriver
Capabilities {acceptInsecureCerts: true, browserName: firefox, browserVersion: 68.0.1, javascriptEnabled: true, moz:accessibilityChecks: false, moz:buildID: 20190717172542, moz:geckodriverVersion: 0.24.0, moz:headless: false, moz:processID: 4508, moz:profile: C:\Users\DREAMS\AppData\Loc..., moz:shutdownTimeout: 60000, moz:useNonSpecCompliantPointerOrigin: false, moz:webdriverClick: true, pageLoadStrategy: normal, platform: WINDOWS, platformName: WINDOWS, platformVersion: 6.1, rotatable: false, setWindowRect: true, strictFileInteractability: false, timeouts: {implicit: 0, pageLoad: 300000, script: 30000}, unhandledPromptBehavior: dismiss and notify}
Session ID: e60423b4-9d7f-4521-8be7-995a084fc67f
*** Element info: {Using=xpath, value=//h3[text()=&amp;apos;Added products&amp;apos;]/h2}">
      <![CDATA[org.openqa.selenium.NoSuchElementException: Unable to locate element: //h3[text()='Added products']/h2
For documentation on this error, please visit: https://www.seleniumhq.org/exceptions/no_such_element.html
Build info: version: '3.141.59', revision: 'e82be7d358', time: '2018-11-14T08:25:48'
System info: host: 'DREAMS-PC', ip: '192.168.1.38', os.name: 'Windows 7', os.arch: 'amd64', os.version: '6.1', java.version: '9.0.4'
Driver info: org.openqa.selenium.firefox.FirefoxDriver
Capabilities {acceptInsecureCerts: true, browserName: firefox, browserVersion: 68.0.1, javascriptEnabled: true, moz:accessibilityChecks: false, moz:buildID: 20190717172542, moz:geckodriverVersion: 0.24.0, moz:headless: false, moz:processID: 4508, moz:profile: C:\Users\DREAMS\AppData\Loc..., moz:shutdownTimeout: 60000, moz:useNonSpecCompliantPointerOrigin: false, moz:webdriverClick: true, pageLoadStrategy: normal, platform: WINDOWS, platformName: WINDOWS, platformVersion: 6.1, rotatable: false, setWindowRect: true, strictFileInteractability: false, timeouts: {implicit: 0, pageLoad: 300000, script: 30000}, unhandledPromptBehavior: dismiss and notify}
Session ID: e60423b4-9d7f-4521-8be7-995a084fc67f
*** Element info: {Using=xpath, value=//h3[text()='Added products']/h2}
at java.base/jdk.internal.reflect.NativeConstructorAccessorImpl.newInstance0(Native Method)
at java.base/jdk.internal.reflect.NativeConstructorAccessorImpl.newInstance(Unknown Source)
at java.base/jdk.internal.reflect.DelegatingConstructorAccessorImpl.newInstance(Unknown Source)
at java.base/java.lang.reflect.Constructor.newInstance(Unknown Source)
at org.openqa.selenium.remote.http.W3CHttpResponseCodec.createException(W3CHttpResponseCodec.java:187)
at org.openqa.selenium.remote.http.W3CHttpResponseCodec.decode(W3CHttpResponseCodec.java:122)
at org.openqa.selenium.remote.http.W3CHttpResponseCodec.decode(W3CHttpResponseCodec.java:49)
at org.openqa.selenium.remote.HttpCommandExecutor.execute(HttpCommandExecutor.java:158)
at org.openqa.selenium.remote.service.DriverCommandExecutor.execute(DriverCommandExecutor.java:83)
at org.openqa.selenium.remote.RemoteWebDriver.execute(RemoteWebDriver.java:552)
at org.openqa.selenium.remote.RemoteWebDriver.findElement(RemoteWebDriver.java:323)
at org.openqa.selenium.remote.RemoteWebDriver.findElementByXPath(RemoteWebDriver.java:428)
at org.openqa.selenium.By$ByXPath.findElement(By.java:353)
at org.openqa.selenium.remote.RemoteWebDriver.findElement(RemoteWebDriver.java:315)
at skwoll.testcases.LoginTest.Dashboard(LoginTest.java:28)
at java.base/jdk.internal.reflect.NativeMethodAccessorImpl.invoke0(Native Method)
at java.base/jdk.internal.reflect.NativeMethodAccessorImpl.invoke(Unknown Source)
at java.base/jdk.internal.reflect.DelegatingMethodAccessorImpl.invoke(Unknown Source)
at java.base/java.lang.reflect.Method.invoke(Unknown Source)
at org.testng.internal.MethodInvocationHelper.invokeMethod(MethodInvocationHelper.java:124)
at org.testng.internal.Invoker.invokeMethod(Invoker.java:583)
at org.testng.internal.Invoker.invokeTestMethod(Invoker.java:719)
at org.testng.internal.Invoker.invokeTestMethods(Invoker.java:989)
at org.testng.internal.TestMethodWorker.invokeTestMethods(TestMethodWorker.java:125)
at org.testng.internal.TestMethodWorker.run(TestMethodWorker.java:109)
at org.testng.TestRunner.privateRun(TestRunner.java:648)
at org.testng.TestRunner.run(TestRunner.java:505)
at org.testng.SuiteRunner.runTest(SuiteRunner.java:455)
at org.testng.SuiteRunner.runSequentially(SuiteRunner.java:450)
at org.testng.SuiteRunner.privateRun(SuiteRunner.java:415)
at org.testng.SuiteRunner.run(SuiteRunner.java:364)
at org.testng.SuiteRunnerWorker.runSuite(SuiteRunnerWorker.java:52)
at org.testng.SuiteRunnerWorker.run(SuiteRunnerWorker.java:84)
at org.testng.TestNG.runSuitesSequentially(TestNG.java:1208)
at org.testng.TestNG.runSuitesLocally(TestNG.java:1137)
at org.testng.TestNG.runSuites(TestNG.java:1049)
at org.testng.TestNG.run(TestNG.java:1017)
at org.testng.remote.AbstractRemoteTestNG.run(AbstractRemoteTestNG.java:115)
at org.testng.remote.RemoteTestNG.initAndRun(RemoteTestNG.java:251)
at org.testng.remote.RemoteTestNG.main(RemoteTestNG.java:77)
]]>
    </failure>
  </testcase> <!-- Dashboard -->
  <testcase classname="skwoll.testcases.LoginTest" name="menuAddSubcategory" time="0.0">
    <ignored/>
  </testcase> <!-- menuAddSubcategory -->
  <testcase classname="skwoll.testcases.LoginTest" name="viewProfile" time="0.0">
    <ignored/>
  </testcase> <!-- viewProfile -->
  <testcase classname="skwoll.testcases.LoginTest" name="order" time="0.0">
    <ignored/>
  </testcase> <!-- order -->
  <testcase classname="skwoll.testcases.LoginTest" name="menuSubcategoryList" time="0.0">
    <ignored/>
  </testcase> <!-- menuSubcategoryList -->
  <testcase classname="skwoll.testcases.LoginTest" name="menuCategoryList" time="0.0">
    <ignored/>
  </testcase> <!-- menuCategoryList -->
  <testcase classname="skwoll.testcases.LoginTest" name="menuAddProduct" time="0.0">
    <ignored/>
  </testcase> <!-- menuAddProduct -->
  <testcase classname="skwoll.testcases.LoginTest" name="payOut" time="0.0">
    <ignored/>
  </testcase> <!-- payOut -->
  <testcase classname="skwoll.testcases.LoginTest" name="otherProductList" time="0.0">
    <ignored/>
  </testcase> <!-- otherProductList -->
  <testcase classname="skwoll.testcases.LoginTest" name="setting" time="0.0">
    <ignored/>
  </testcase> <!-- setting -->
  <testcase classname="skwoll.testcases.LoginTest" name="addHappyHour" time="0.0">
    <ignored/>
  </testcase> <!-- addHappyHour -->
  <testcase classname="skwoll.testcases.LoginTest" name="happyHourList" time="0.0">
    <ignored/>
  </testcase> <!-- happyHourList -->
  <testcase classname="skwoll.testcases.LoginTest" name="eventList" time="0.0">
    <ignored/>
  </testcase> <!-- eventList -->
  <testcase classname="skwoll.testcases.LoginTest" name="menuAddCategory" time="0.0">
    <ignored/>
  </testcase> <!-- menuAddCategory -->
  <testcase classname="skwoll.testcases.LoginTest" name="editStripe" time="0.0">
    <ignored/>
  </testcase> <!-- editStripe -->
  <testcase classname="skwoll.testcases.LoginTest" name="menuWelComeDrink" time="0.0">
    <ignored/>
  </testcase> <!-- menuWelComeDrink -->
</testsuite> <!-- Default test -->
