<?xml version="1.0" encoding="UTF-8"?>
<testng-results ignored="0" total="50" passed="35" failed="15" skipped="0">
  <reporter-output>
  </reporter-output>
  <suite started-at="2019-08-22T07:10:20Z" name="Default suite" finished-at="2019-08-22T07:19:11Z" duration-ms="530356">
    <groups>
    </groups>
    <test started-at="2019-08-22T07:10:20Z" name="Default test" finished-at="2019-08-22T07:19:11Z" duration-ms="530356">
      <class name="skwolladmin.testcases.TestcasesAdmin">
        <test-method is-config="true" signature="skwollLB()[pri:0, instance:skwolladmin.testcases.TestcasesAdmin@f2ff811]" started-at="2019-08-22T07:10:20Z" name="skwollLB" finished-at="2019-08-22T07:10:37Z" duration-ms="17106" status="PASS">
          <reporter-output>
          </reporter-output>
        </test-method> <!-- skwollLB -->
        <test-method is-config="true" signature="skwollLN()[pri:0, instance:skwolladmin.testcases.TestcasesAdmin@f2ff811]" started-at="2019-08-22T07:10:37Z" name="skwollLN" finished-at="2019-08-22T07:10:55Z" duration-ms="17544" status="PASS">
          <reporter-output>
          </reporter-output>
        </test-method> <!-- skwollLN -->
        <test-method signature="Dashboard()[pri:0, instance:skwolladmin.testcases.TestcasesAdmin@f2ff811]" started-at="2019-08-22T07:10:55Z" name="Dashboard" finished-at="2019-08-22T07:11:02Z" duration-ms="6636" status="PASS">
          <reporter-output>
          </reporter-output>
        </test-method> <!-- Dashboard -->
        <test-method is-config="true" signature="skwollLO()[pri:0, instance:skwolladmin.testcases.TestcasesAdmin@f2ff811]" started-at="2019-08-22T07:11:02Z" name="skwollLO" finished-at="2019-08-22T07:11:05Z" duration-ms="3261" status="PASS">
          <reporter-output>
          </reporter-output>
        </test-method> <!-- skwollLO -->
        <test-method is-config="true" signature="skwollLN()[pri:0, instance:skwolladmin.testcases.TestcasesAdmin@f2ff811]" started-at="2019-08-22T07:11:05Z" name="skwollLN" finished-at="2019-08-22T07:11:07Z" duration-ms="2209" status="PASS">
          <reporter-output>
          </reporter-output>
        </test-method> <!-- skwollLN -->
        <test-method signature="History()[pri:0, instance:skwolladmin.testcases.TestcasesAdmin@f2ff811]" started-at="2019-08-22T07:11:07Z" name="History" finished-at="2019-08-22T07:11:15Z" duration-ms="7662" status="PASS">
          <reporter-output>
          </reporter-output>
        </test-method> <!-- History -->
        <test-method is-config="true" signature="skwollLO()[pri:0, instance:skwolladmin.testcases.TestcasesAdmin@f2ff811]" started-at="2019-08-22T07:11:15Z" name="skwollLO" finished-at="2019-08-22T07:11:18Z" duration-ms="3255" status="PASS">
          <reporter-output>
          </reporter-output>
        </test-method> <!-- skwollLO -->
        <test-method is-config="true" signature="skwollLN()[pri:0, instance:skwolladmin.testcases.TestcasesAdmin@f2ff811]" started-at="2019-08-22T07:11:18Z" name="skwollLN" finished-at="2019-08-22T07:11:20Z" duration-ms="2313" status="PASS">
          <reporter-output>
          </reporter-output>
        </test-method> <!-- skwollLN -->
        <test-method signature="SubscriptionList()[pri:0, instance:skwolladmin.testcases.TestcasesAdmin@f2ff811]" started-at="2019-08-22T07:11:20Z" name="SubscriptionList" finished-at="2019-08-22T07:11:24Z" duration-ms="3613" status="PASS">
          <reporter-output>
          </reporter-output>
        </test-method> <!-- SubscriptionList -->
        <test-method is-config="true" signature="skwollLO()[pri:0, instance:skwolladmin.testcases.TestcasesAdmin@f2ff811]" started-at="2019-08-22T07:11:24Z" name="skwollLO" finished-at="2019-08-22T07:11:27Z" duration-ms="3270" status="PASS">
          <reporter-output>
          </reporter-output>
        </test-method> <!-- skwollLO -->
        <test-method is-config="true" signature="skwollLN()[pri:0, instance:skwolladmin.testcases.TestcasesAdmin@f2ff811]" started-at="2019-08-22T07:11:27Z" name="skwollLN" finished-at="2019-08-22T07:11:29Z" duration-ms="2276" status="PASS">
          <reporter-output>
          </reporter-output>
        </test-method> <!-- skwollLN -->
        <test-method signature="addEvent()[pri:0, instance:skwolladmin.testcases.TestcasesAdmin@f2ff811]" started-at="2019-08-22T07:11:29Z" name="addEvent" finished-at="2019-08-22T07:11:34Z" duration-ms="4971" status="FAIL">
          <exception class="org.openqa.selenium.InvalidArgumentException">
            <message>
              <![CDATA[Cannot click <input type=file> elements
Build info: version: '3.141.59', revision: 'e82be7d358', time: '2018-11-14T08:25:48'
System info: host: 'DREAMS-PC', ip: '192.168.1.38', os.name: 'Windows 7', os.arch: 'amd64', os.version: '6.1', java.version: '9.0.4'
Driver info: org.openqa.selenium.firefox.FirefoxDriver
Capabilities {acceptInsecureCerts: true, browserName: firefox, browserVersion: 68.0.1, javascriptEnabled: true, moz:accessibilityChecks: false, moz:buildID: 20190717172542, moz:geckodriverVersion: 0.24.0, moz:headless: false, moz:processID: 272, moz:profile: C:\Users\DREAMS\AppData\Loc..., moz:shutdownTimeout: 60000, moz:useNonSpecCompliantPointerOrigin: false, moz:webdriverClick: true, pageLoadStrategy: normal, platform: WINDOWS, platformName: WINDOWS, platformVersion: 6.1, rotatable: false, setWindowRect: true, strictFileInteractability: false, timeouts: {implicit: 0, pageLoad: 300000, script: 30000}, unhandledPromptBehavior: dismiss and notify}
Session ID: f7320e4d-9f14-4c37-9ddf-729388fe23f2]]>
            </message>
            <full-stacktrace>
              <![CDATA[org.openqa.selenium.InvalidArgumentException: Cannot click <input type=file> elements
Build info: version: '3.141.59', revision: 'e82be7d358', time: '2018-11-14T08:25:48'
System info: host: 'DREAMS-PC', ip: '192.168.1.38', os.name: 'Windows 7', os.arch: 'amd64', os.version: '6.1', java.version: '9.0.4'
Driver info: org.openqa.selenium.firefox.FirefoxDriver
Capabilities {acceptInsecureCerts: true, browserName: firefox, browserVersion: 68.0.1, javascriptEnabled: true, moz:accessibilityChecks: false, moz:buildID: 20190717172542, moz:geckodriverVersion: 0.24.0, moz:headless: false, moz:processID: 272, moz:profile: C:\Users\DREAMS\AppData\Loc..., moz:shutdownTimeout: 60000, moz:useNonSpecCompliantPointerOrigin: false, moz:webdriverClick: true, pageLoadStrategy: normal, platform: WINDOWS, platformName: WINDOWS, platformVersion: 6.1, rotatable: false, setWindowRect: true, strictFileInteractability: false, timeouts: {implicit: 0, pageLoad: 300000, script: 30000}, unhandledPromptBehavior: dismiss and notify}
Session ID: f7320e4d-9f14-4c37-9ddf-729388fe23f2
at java.base/jdk.internal.reflect.NativeConstructorAccessorImpl.newInstance0(Native Method)
at java.base/jdk.internal.reflect.NativeConstructorAccessorImpl.newInstance(Unknown Source)
at java.base/jdk.internal.reflect.DelegatingConstructorAccessorImpl.newInstance(Unknown Source)
at java.base/java.lang.reflect.Constructor.newInstance(Unknown Source)
at org.openqa.selenium.remote.http.W3CHttpResponseCodec.createException(W3CHttpResponseCodec.java:187)
at org.openqa.selenium.remote.http.W3CHttpResponseCodec.decode(W3CHttpResponseCodec.java:122)
at org.openqa.selenium.remote.http.W3CHttpResponseCodec.decode(W3CHttpResponseCodec.java:49)
at org.openqa.selenium.remote.HttpCommandExecutor.execute(HttpCommandExecutor.java:158)
at org.openqa.selenium.remote.service.DriverCommandExecutor.execute(DriverCommandExecutor.java:83)
at org.openqa.selenium.remote.RemoteWebDriver.execute(RemoteWebDriver.java:552)
at org.openqa.selenium.remote.RemoteWebElement.execute(RemoteWebElement.java:285)
at org.openqa.selenium.remote.RemoteWebElement.click(RemoteWebElement.java:84)
at skwolladmin.testcases.TestcasesAdmin.addEvent(TestcasesAdmin.java:367)
at java.base/jdk.internal.reflect.NativeMethodAccessorImpl.invoke0(Native Method)
at java.base/jdk.internal.reflect.NativeMethodAccessorImpl.invoke(Unknown Source)
at java.base/jdk.internal.reflect.DelegatingMethodAccessorImpl.invoke(Unknown Source)
at java.base/java.lang.reflect.Method.invoke(Unknown Source)
at org.testng.internal.MethodInvocationHelper.invokeMethod(MethodInvocationHelper.java:124)
at org.testng.internal.Invoker.invokeMethod(Invoker.java:583)
at org.testng.internal.Invoker.invokeTestMethod(Invoker.java:719)
at org.testng.internal.Invoker.invokeTestMethods(Invoker.java:989)
at org.testng.internal.TestMethodWorker.invokeTestMethods(TestMethodWorker.java:125)
at org.testng.internal.TestMethodWorker.run(TestMethodWorker.java:109)
at org.testng.TestRunner.privateRun(TestRunner.java:648)
at org.testng.TestRunner.run(TestRunner.java:505)
at org.testng.SuiteRunner.runTest(SuiteRunner.java:455)
at org.testng.SuiteRunner.runSequentially(SuiteRunner.java:450)
at org.testng.SuiteRunner.privateRun(SuiteRunner.java:415)
at org.testng.SuiteRunner.run(SuiteRunner.java:364)
at org.testng.SuiteRunnerWorker.runSuite(SuiteRunnerWorker.java:52)
at org.testng.SuiteRunnerWorker.run(SuiteRunnerWorker.java:84)
at org.testng.TestNG.runSuitesSequentially(TestNG.java:1208)
at org.testng.TestNG.runSuitesLocally(TestNG.java:1137)
at org.testng.TestNG.runSuites(TestNG.java:1049)
at org.testng.TestNG.run(TestNG.java:1017)
at org.testng.remote.AbstractRemoteTestNG.run(AbstractRemoteTestNG.java:115)
at org.testng.remote.RemoteTestNG.initAndRun(RemoteTestNG.java:251)
at org.testng.remote.RemoteTestNG.main(RemoteTestNG.java:77)
]]>
            </full-stacktrace>
          </exception> <!-- org.openqa.selenium.InvalidArgumentException -->
          <reporter-output>
          </reporter-output>
        </test-method> <!-- addEvent -->
        <test-method is-config="true" signature="skwollLO()[pri:0, instance:skwolladmin.testcases.TestcasesAdmin@f2ff811]" started-at="2019-08-22T07:11:34Z" name="skwollLO" finished-at="2019-08-22T07:11:39Z" duration-ms="4679" status="PASS">
          <reporter-output>
          </reporter-output>
        </test-method> <!-- skwollLO -->
        <test-method is-config="true" signature="skwollLN()[pri:0, instance:skwolladmin.testcases.TestcasesAdmin@f2ff811]" started-at="2019-08-22T07:11:39Z" name="skwollLN" finished-at="2019-08-22T07:11:42Z" duration-ms="2641" status="PASS">
          <reporter-output>
          </reporter-output>
        </test-method> <!-- skwollLN -->
        <test-method signature="ambassadorList()[pri:0, instance:skwolladmin.testcases.TestcasesAdmin@f2ff811]" started-at="2019-08-22T07:11:42Z" name="ambassadorList" finished-at="2019-08-22T07:11:46Z" duration-ms="3763" status="PASS">
          <reporter-output>
          </reporter-output>
        </test-method> <!-- ambassadorList -->
        <test-method is-config="true" signature="skwollLO()[pri:0, instance:skwolladmin.testcases.TestcasesAdmin@f2ff811]" started-at="2019-08-22T07:11:46Z" name="skwollLO" finished-at="2019-08-22T07:11:49Z" duration-ms="3277" status="PASS">
          <reporter-output>
          </reporter-output>
        </test-method> <!-- skwollLO -->
        <test-method is-config="true" signature="skwollLN()[pri:0, instance:skwolladmin.testcases.TestcasesAdmin@f2ff811]" started-at="2019-08-22T07:11:49Z" name="skwollLN" finished-at="2019-08-22T07:11:53Z" duration-ms="3744" status="PASS">
          <reporter-output>
          </reporter-output>
        </test-method> <!-- skwollLN -->
        <test-method signature="ambassadorPlan()[pri:0, instance:skwolladmin.testcases.TestcasesAdmin@f2ff811]" started-at="2019-08-22T07:11:53Z" name="ambassadorPlan" finished-at="2019-08-22T07:11:58Z" duration-ms="5572" status="PASS">
          <reporter-output>
          </reporter-output>
        </test-method> <!-- ambassadorPlan -->
        <test-method is-config="true" signature="skwollLO()[pri:0, instance:skwolladmin.testcases.TestcasesAdmin@f2ff811]" started-at="2019-08-22T07:11:58Z" name="skwollLO" finished-at="2019-08-22T07:12:01Z" duration-ms="3210" status="PASS">
          <reporter-output>
          </reporter-output>
        </test-method> <!-- skwollLO -->
        <test-method is-config="true" signature="skwollLN()[pri:0, instance:skwolladmin.testcases.TestcasesAdmin@f2ff811]" started-at="2019-08-22T07:12:01Z" name="skwollLN" finished-at="2019-08-22T07:12:04Z" duration-ms="2751" status="PASS">
          <reporter-output>
          </reporter-output>
        </test-method> <!-- skwollLN -->
        <test-method signature="bartender()[pri:0, instance:skwolladmin.testcases.TestcasesAdmin@f2ff811]" started-at="2019-08-22T07:12:04Z" name="bartender" finished-at="2019-08-22T07:12:06Z" duration-ms="2348" status="FAIL">
          <exception class="org.openqa.selenium.ElementNotInteractableException">
            <message>
              <![CDATA[Element <a href="http://dreamsdev.website/skwoll/dashboard/admin/bartender/add-bartender"> could not be scrolled into view
Build info: version: '3.141.59', revision: 'e82be7d358', time: '2018-11-14T08:25:48'
System info: host: 'DREAMS-PC', ip: '192.168.1.38', os.name: 'Windows 7', os.arch: 'amd64', os.version: '6.1', java.version: '9.0.4'
Driver info: org.openqa.selenium.firefox.FirefoxDriver
Capabilities {acceptInsecureCerts: true, browserName: firefox, browserVersion: 68.0.1, javascriptEnabled: true, moz:accessibilityChecks: false, moz:buildID: 20190717172542, moz:geckodriverVersion: 0.24.0, moz:headless: false, moz:processID: 272, moz:profile: C:\Users\DREAMS\AppData\Loc..., moz:shutdownTimeout: 60000, moz:useNonSpecCompliantPointerOrigin: false, moz:webdriverClick: true, pageLoadStrategy: normal, platform: WINDOWS, platformName: WINDOWS, platformVersion: 6.1, rotatable: false, setWindowRect: true, strictFileInteractability: false, timeouts: {implicit: 0, pageLoad: 300000, script: 30000}, unhandledPromptBehavior: dismiss and notify}
Session ID: f7320e4d-9f14-4c37-9ddf-729388fe23f2]]>
            </message>
            <full-stacktrace>
              <![CDATA[org.openqa.selenium.ElementNotInteractableException: Element <a href="http://dreamsdev.website/skwoll/dashboard/admin/bartender/add-bartender"> could not be scrolled into view
Build info: version: '3.141.59', revision: 'e82be7d358', time: '2018-11-14T08:25:48'
System info: host: 'DREAMS-PC', ip: '192.168.1.38', os.name: 'Windows 7', os.arch: 'amd64', os.version: '6.1', java.version: '9.0.4'
Driver info: org.openqa.selenium.firefox.FirefoxDriver
Capabilities {acceptInsecureCerts: true, browserName: firefox, browserVersion: 68.0.1, javascriptEnabled: true, moz:accessibilityChecks: false, moz:buildID: 20190717172542, moz:geckodriverVersion: 0.24.0, moz:headless: false, moz:processID: 272, moz:profile: C:\Users\DREAMS\AppData\Loc..., moz:shutdownTimeout: 60000, moz:useNonSpecCompliantPointerOrigin: false, moz:webdriverClick: true, pageLoadStrategy: normal, platform: WINDOWS, platformName: WINDOWS, platformVersion: 6.1, rotatable: false, setWindowRect: true, strictFileInteractability: false, timeouts: {implicit: 0, pageLoad: 300000, script: 30000}, unhandledPromptBehavior: dismiss and notify}
Session ID: f7320e4d-9f14-4c37-9ddf-729388fe23f2
at java.base/jdk.internal.reflect.NativeConstructorAccessorImpl.newInstance0(Native Method)
at java.base/jdk.internal.reflect.NativeConstructorAccessorImpl.newInstance(Unknown Source)
at java.base/jdk.internal.reflect.DelegatingConstructorAccessorImpl.newInstance(Unknown Source)
at java.base/java.lang.reflect.Constructor.newInstance(Unknown Source)
at org.openqa.selenium.remote.http.W3CHttpResponseCodec.createException(W3CHttpResponseCodec.java:187)
at org.openqa.selenium.remote.http.W3CHttpResponseCodec.decode(W3CHttpResponseCodec.java:122)
at org.openqa.selenium.remote.http.W3CHttpResponseCodec.decode(W3CHttpResponseCodec.java:49)
at org.openqa.selenium.remote.HttpCommandExecutor.execute(HttpCommandExecutor.java:158)
at org.openqa.selenium.remote.service.DriverCommandExecutor.execute(DriverCommandExecutor.java:83)
at org.openqa.selenium.remote.RemoteWebDriver.execute(RemoteWebDriver.java:552)
at org.openqa.selenium.remote.RemoteWebElement.execute(RemoteWebElement.java:285)
at org.openqa.selenium.remote.RemoteWebElement.click(RemoteWebElement.java:84)
at skwolladmin.testcases.TestcasesAdmin.bartender(TestcasesAdmin.java:497)
at java.base/jdk.internal.reflect.NativeMethodAccessorImpl.invoke0(Native Method)
at java.base/jdk.internal.reflect.NativeMethodAccessorImpl.invoke(Unknown Source)
at java.base/jdk.internal.reflect.DelegatingMethodAccessorImpl.invoke(Unknown Source)
at java.base/java.lang.reflect.Method.invoke(Unknown Source)
at org.testng.internal.MethodInvocationHelper.invokeMethod(MethodInvocationHelper.java:124)
at org.testng.internal.Invoker.invokeMethod(Invoker.java:583)
at org.testng.internal.Invoker.invokeTestMethod(Invoker.java:719)
at org.testng.internal.Invoker.invokeTestMethods(Invoker.java:989)
at org.testng.internal.TestMethodWorker.invokeTestMethods(TestMethodWorker.java:125)
at org.testng.internal.TestMethodWorker.run(TestMethodWorker.java:109)
at org.testng.TestRunner.privateRun(TestRunner.java:648)
at org.testng.TestRunner.run(TestRunner.java:505)
at org.testng.SuiteRunner.runTest(SuiteRunner.java:455)
at org.testng.SuiteRunner.runSequentially(SuiteRunner.java:450)
at org.testng.SuiteRunner.privateRun(SuiteRunner.java:415)
at org.testng.SuiteRunner.run(SuiteRunner.java:364)
at org.testng.SuiteRunnerWorker.runSuite(SuiteRunnerWorker.java:52)
at org.testng.SuiteRunnerWorker.run(SuiteRunnerWorker.java:84)
at org.testng.TestNG.runSuitesSequentially(TestNG.java:1208)
at org.testng.TestNG.runSuitesLocally(TestNG.java:1137)
at org.testng.TestNG.runSuites(TestNG.java:1049)
at org.testng.TestNG.run(TestNG.java:1017)
at org.testng.remote.AbstractRemoteTestNG.run(AbstractRemoteTestNG.java:115)
at org.testng.remote.RemoteTestNG.initAndRun(RemoteTestNG.java:251)
at org.testng.remote.RemoteTestNG.main(RemoteTestNG.java:77)
]]>
            </full-stacktrace>
          </exception> <!-- org.openqa.selenium.ElementNotInteractableException -->
          <reporter-output>
          </reporter-output>
        </test-method> <!-- bartender -->
        <test-method is-config="true" signature="skwollLO()[pri:0, instance:skwolladmin.testcases.TestcasesAdmin@f2ff811]" started-at="2019-08-22T07:12:06Z" name="skwollLO" finished-at="2019-08-22T07:12:11Z" duration-ms="4223" status="PASS">
          <reporter-output>
          </reporter-output>
        </test-method> <!-- skwollLO -->
        <test-method is-config="true" signature="skwollLN()[pri:0, instance:skwolladmin.testcases.TestcasesAdmin@f2ff811]" started-at="2019-08-22T07:12:11Z" name="skwollLN" finished-at="2019-08-22T07:12:14Z" duration-ms="2843" status="PASS">
          <reporter-output>
          </reporter-output>
        </test-method> <!-- skwollLN -->
        <test-method signature="bartenderList()[pri:0, instance:skwolladmin.testcases.TestcasesAdmin@f2ff811]" started-at="2019-08-22T07:12:14Z" name="bartenderList" finished-at="2019-08-22T07:12:16Z" duration-ms="2335" status="FAIL">
          <exception class="org.openqa.selenium.ElementNotInteractableException">
            <message>
              <![CDATA[Element <a href="http://dreamsdev.website/skwoll/dashboard/admin/bartender/bartender-list"> could not be scrolled into view
Build info: version: '3.141.59', revision: 'e82be7d358', time: '2018-11-14T08:25:48'
System info: host: 'DREAMS-PC', ip: '192.168.1.38', os.name: 'Windows 7', os.arch: 'amd64', os.version: '6.1', java.version: '9.0.4'
Driver info: org.openqa.selenium.firefox.FirefoxDriver
Capabilities {acceptInsecureCerts: true, browserName: firefox, browserVersion: 68.0.1, javascriptEnabled: true, moz:accessibilityChecks: false, moz:buildID: 20190717172542, moz:geckodriverVersion: 0.24.0, moz:headless: false, moz:processID: 272, moz:profile: C:\Users\DREAMS\AppData\Loc..., moz:shutdownTimeout: 60000, moz:useNonSpecCompliantPointerOrigin: false, moz:webdriverClick: true, pageLoadStrategy: normal, platform: WINDOWS, platformName: WINDOWS, platformVersion: 6.1, rotatable: false, setWindowRect: true, strictFileInteractability: false, timeouts: {implicit: 0, pageLoad: 300000, script: 30000}, unhandledPromptBehavior: dismiss and notify}
Session ID: f7320e4d-9f14-4c37-9ddf-729388fe23f2]]>
            </message>
            <full-stacktrace>
              <![CDATA[org.openqa.selenium.ElementNotInteractableException: Element <a href="http://dreamsdev.website/skwoll/dashboard/admin/bartender/bartender-list"> could not be scrolled into view
Build info: version: '3.141.59', revision: 'e82be7d358', time: '2018-11-14T08:25:48'
System info: host: 'DREAMS-PC', ip: '192.168.1.38', os.name: 'Windows 7', os.arch: 'amd64', os.version: '6.1', java.version: '9.0.4'
Driver info: org.openqa.selenium.firefox.FirefoxDriver
Capabilities {acceptInsecureCerts: true, browserName: firefox, browserVersion: 68.0.1, javascriptEnabled: true, moz:accessibilityChecks: false, moz:buildID: 20190717172542, moz:geckodriverVersion: 0.24.0, moz:headless: false, moz:processID: 272, moz:profile: C:\Users\DREAMS\AppData\Loc..., moz:shutdownTimeout: 60000, moz:useNonSpecCompliantPointerOrigin: false, moz:webdriverClick: true, pageLoadStrategy: normal, platform: WINDOWS, platformName: WINDOWS, platformVersion: 6.1, rotatable: false, setWindowRect: true, strictFileInteractability: false, timeouts: {implicit: 0, pageLoad: 300000, script: 30000}, unhandledPromptBehavior: dismiss and notify}
Session ID: f7320e4d-9f14-4c37-9ddf-729388fe23f2
at java.base/jdk.internal.reflect.NativeConstructorAccessorImpl.newInstance0(Native Method)
at java.base/jdk.internal.reflect.NativeConstructorAccessorImpl.newInstance(Unknown Source)
at java.base/jdk.internal.reflect.DelegatingConstructorAccessorImpl.newInstance(Unknown Source)
at java.base/java.lang.reflect.Constructor.newInstance(Unknown Source)
at org.openqa.selenium.remote.http.W3CHttpResponseCodec.createException(W3CHttpResponseCodec.java:187)
at org.openqa.selenium.remote.http.W3CHttpResponseCodec.decode(W3CHttpResponseCodec.java:122)
at org.openqa.selenium.remote.http.W3CHttpResponseCodec.decode(W3CHttpResponseCodec.java:49)
at org.openqa.selenium.remote.HttpCommandExecutor.execute(HttpCommandExecutor.java:158)
at org.openqa.selenium.remote.service.DriverCommandExecutor.execute(DriverCommandExecutor.java:83)
at org.openqa.selenium.remote.RemoteWebDriver.execute(RemoteWebDriver.java:552)
at org.openqa.selenium.remote.RemoteWebElement.execute(RemoteWebElement.java:285)
at org.openqa.selenium.remote.RemoteWebElement.click(RemoteWebElement.java:84)
at skwolladmin.testcases.TestcasesAdmin.bartenderList(TestcasesAdmin.java:521)
at java.base/jdk.internal.reflect.NativeMethodAccessorImpl.invoke0(Native Method)
at java.base/jdk.internal.reflect.NativeMethodAccessorImpl.invoke(Unknown Source)
at java.base/jdk.internal.reflect.DelegatingMethodAccessorImpl.invoke(Unknown Source)
at java.base/java.lang.reflect.Method.invoke(Unknown Source)
at org.testng.internal.MethodInvocationHelper.invokeMethod(MethodInvocationHelper.java:124)
at org.testng.internal.Invoker.invokeMethod(Invoker.java:583)
at org.testng.internal.Invoker.invokeTestMethod(Invoker.java:719)
at org.testng.internal.Invoker.invokeTestMethods(Invoker.java:989)
at org.testng.internal.TestMethodWorker.invokeTestMethods(TestMethodWorker.java:125)
at org.testng.internal.TestMethodWorker.run(TestMethodWorker.java:109)
at org.testng.TestRunner.privateRun(TestRunner.java:648)
at org.testng.TestRunner.run(TestRunner.java:505)
at org.testng.SuiteRunner.runTest(SuiteRunner.java:455)
at org.testng.SuiteRunner.runSequentially(SuiteRunner.java:450)
at org.testng.SuiteRunner.privateRun(SuiteRunner.java:415)
at org.testng.SuiteRunner.run(SuiteRunner.java:364)
at org.testng.SuiteRunnerWorker.runSuite(SuiteRunnerWorker.java:52)
at org.testng.SuiteRunnerWorker.run(SuiteRunnerWorker.java:84)
at org.testng.TestNG.runSuitesSequentially(TestNG.java:1208)
at org.testng.TestNG.runSuitesLocally(TestNG.java:1137)
at org.testng.TestNG.runSuites(TestNG.java:1049)
at org.testng.TestNG.run(TestNG.java:1017)
at org.testng.remote.AbstractRemoteTestNG.run(AbstractRemoteTestNG.java:115)
at org.testng.remote.RemoteTestNG.initAndRun(RemoteTestNG.java:251)
at org.testng.remote.RemoteTestNG.main(RemoteTestNG.java:77)
]]>
            </full-stacktrace>
          </exception> <!-- org.openqa.selenium.ElementNotInteractableException -->
          <reporter-output>
          </reporter-output>
        </test-method> <!-- bartenderList -->
        <test-method is-config="true" signature="skwollLO()[pri:0, instance:skwolladmin.testcases.TestcasesAdmin@f2ff811]" started-at="2019-08-22T07:12:16Z" name="skwollLO" finished-at="2019-08-22T07:12:19Z" duration-ms="3277" status="PASS">
          <reporter-output>
          </reporter-output>
        </test-method> <!-- skwollLO -->
        <test-method is-config="true" signature="skwollLN()[pri:0, instance:skwolladmin.testcases.TestcasesAdmin@f2ff811]" started-at="2019-08-22T07:12:19Z" name="skwollLN" finished-at="2019-08-22T07:12:22Z" duration-ms="2649" status="PASS">
          <reporter-output>
          </reporter-output>
        </test-method> <!-- skwollLN -->
        <test-method signature="blogAddBlog()[pri:0, instance:skwolladmin.testcases.TestcasesAdmin@f2ff811]" started-at="2019-08-22T07:12:22Z" name="blogAddBlog" finished-at="2019-08-22T07:12:24Z" duration-ms="1727" status="FAIL">
          <exception class="org.openqa.selenium.InvalidArgumentException">
            <message>
              <![CDATA[Cannot click <input type=file> elements
Build info: version: '3.141.59', revision: 'e82be7d358', time: '2018-11-14T08:25:48'
System info: host: 'DREAMS-PC', ip: '192.168.1.38', os.name: 'Windows 7', os.arch: 'amd64', os.version: '6.1', java.version: '9.0.4'
Driver info: org.openqa.selenium.firefox.FirefoxDriver
Capabilities {acceptInsecureCerts: true, browserName: firefox, browserVersion: 68.0.1, javascriptEnabled: true, moz:accessibilityChecks: false, moz:buildID: 20190717172542, moz:geckodriverVersion: 0.24.0, moz:headless: false, moz:processID: 272, moz:profile: C:\Users\DREAMS\AppData\Loc..., moz:shutdownTimeout: 60000, moz:useNonSpecCompliantPointerOrigin: false, moz:webdriverClick: true, pageLoadStrategy: normal, platform: WINDOWS, platformName: WINDOWS, platformVersion: 6.1, rotatable: false, setWindowRect: true, strictFileInteractability: false, timeouts: {implicit: 0, pageLoad: 300000, script: 30000}, unhandledPromptBehavior: dismiss and notify}
Session ID: f7320e4d-9f14-4c37-9ddf-729388fe23f2]]>
            </message>
            <full-stacktrace>
              <![CDATA[org.openqa.selenium.InvalidArgumentException: Cannot click <input type=file> elements
Build info: version: '3.141.59', revision: 'e82be7d358', time: '2018-11-14T08:25:48'
System info: host: 'DREAMS-PC', ip: '192.168.1.38', os.name: 'Windows 7', os.arch: 'amd64', os.version: '6.1', java.version: '9.0.4'
Driver info: org.openqa.selenium.firefox.FirefoxDriver
Capabilities {acceptInsecureCerts: true, browserName: firefox, browserVersion: 68.0.1, javascriptEnabled: true, moz:accessibilityChecks: false, moz:buildID: 20190717172542, moz:geckodriverVersion: 0.24.0, moz:headless: false, moz:processID: 272, moz:profile: C:\Users\DREAMS\AppData\Loc..., moz:shutdownTimeout: 60000, moz:useNonSpecCompliantPointerOrigin: false, moz:webdriverClick: true, pageLoadStrategy: normal, platform: WINDOWS, platformName: WINDOWS, platformVersion: 6.1, rotatable: false, setWindowRect: true, strictFileInteractability: false, timeouts: {implicit: 0, pageLoad: 300000, script: 30000}, unhandledPromptBehavior: dismiss and notify}
Session ID: f7320e4d-9f14-4c37-9ddf-729388fe23f2
at java.base/jdk.internal.reflect.NativeConstructorAccessorImpl.newInstance0(Native Method)
at java.base/jdk.internal.reflect.NativeConstructorAccessorImpl.newInstance(Unknown Source)
at java.base/jdk.internal.reflect.DelegatingConstructorAccessorImpl.newInstance(Unknown Source)
at java.base/java.lang.reflect.Constructor.newInstance(Unknown Source)
at org.openqa.selenium.remote.http.W3CHttpResponseCodec.createException(W3CHttpResponseCodec.java:187)
at org.openqa.selenium.remote.http.W3CHttpResponseCodec.decode(W3CHttpResponseCodec.java:122)
at org.openqa.selenium.remote.http.W3CHttpResponseCodec.decode(W3CHttpResponseCodec.java:49)
at org.openqa.selenium.remote.HttpCommandExecutor.execute(HttpCommandExecutor.java:158)
at org.openqa.selenium.remote.service.DriverCommandExecutor.execute(DriverCommandExecutor.java:83)
at org.openqa.selenium.remote.RemoteWebDriver.execute(RemoteWebDriver.java:552)
at org.openqa.selenium.remote.RemoteWebElement.execute(RemoteWebElement.java:285)
at org.openqa.selenium.remote.RemoteWebElement.click(RemoteWebElement.java:84)
at skwolladmin.testcases.TestcasesAdmin.blogAddBlog(TestcasesAdmin.java:337)
at java.base/jdk.internal.reflect.NativeMethodAccessorImpl.invoke0(Native Method)
at java.base/jdk.internal.reflect.NativeMethodAccessorImpl.invoke(Unknown Source)
at java.base/jdk.internal.reflect.DelegatingMethodAccessorImpl.invoke(Unknown Source)
at java.base/java.lang.reflect.Method.invoke(Unknown Source)
at org.testng.internal.MethodInvocationHelper.invokeMethod(MethodInvocationHelper.java:124)
at org.testng.internal.Invoker.invokeMethod(Invoker.java:583)
at org.testng.internal.Invoker.invokeTestMethod(Invoker.java:719)
at org.testng.internal.Invoker.invokeTestMethods(Invoker.java:989)
at org.testng.internal.TestMethodWorker.invokeTestMethods(TestMethodWorker.java:125)
at org.testng.internal.TestMethodWorker.run(TestMethodWorker.java:109)
at org.testng.TestRunner.privateRun(TestRunner.java:648)
at org.testng.TestRunner.run(TestRunner.java:505)
at org.testng.SuiteRunner.runTest(SuiteRunner.java:455)
at org.testng.SuiteRunner.runSequentially(SuiteRunner.java:450)
at org.testng.SuiteRunner.privateRun(SuiteRunner.java:415)
at org.testng.SuiteRunner.run(SuiteRunner.java:364)
at org.testng.SuiteRunnerWorker.runSuite(SuiteRunnerWorker.java:52)
at org.testng.SuiteRunnerWorker.run(SuiteRunnerWorker.java:84)
at org.testng.TestNG.runSuitesSequentially(TestNG.java:1208)
at org.testng.TestNG.runSuitesLocally(TestNG.java:1137)
at org.testng.TestNG.runSuites(TestNG.java:1049)
at org.testng.TestNG.run(TestNG.java:1017)
at org.testng.remote.AbstractRemoteTestNG.run(AbstractRemoteTestNG.java:115)
at org.testng.remote.RemoteTestNG.initAndRun(RemoteTestNG.java:251)
at org.testng.remote.RemoteTestNG.main(RemoteTestNG.java:77)
]]>
            </full-stacktrace>
          </exception> <!-- org.openqa.selenium.InvalidArgumentException -->
          <reporter-output>
          </reporter-output>
        </test-method> <!-- blogAddBlog -->
        <test-method is-config="true" signature="skwollLO()[pri:0, instance:skwolladmin.testcases.TestcasesAdmin@f2ff811]" started-at="2019-08-22T07:12:24Z" name="skwollLO" finished-at="2019-08-22T07:12:27Z" duration-ms="3267" status="PASS">
          <reporter-output>
          </reporter-output>
        </test-method> <!-- skwollLO -->
        <test-method is-config="true" signature="skwollLN()[pri:0, instance:skwolladmin.testcases.TestcasesAdmin@f2ff811]" started-at="2019-08-22T07:12:27Z" name="skwollLN" finished-at="2019-08-22T07:12:30Z" duration-ms="3439" status="PASS">
          <reporter-output>
          </reporter-output>
        </test-method> <!-- skwollLN -->
        <test-method signature="blogAddCategory()[pri:0, instance:skwolladmin.testcases.TestcasesAdmin@f2ff811]" started-at="2019-08-22T07:12:30Z" name="blogAddCategory" finished-at="2019-08-22T07:12:33Z" duration-ms="3132" status="PASS">
          <reporter-output>
          </reporter-output>
        </test-method> <!-- blogAddCategory -->
        <test-method is-config="true" signature="skwollLO()[pri:0, instance:skwolladmin.testcases.TestcasesAdmin@f2ff811]" started-at="2019-08-22T07:12:33Z" name="skwollLO" finished-at="2019-08-22T07:12:37Z" duration-ms="3210" status="PASS">
          <reporter-output>
          </reporter-output>
        </test-method> <!-- skwollLO -->
        <test-method is-config="true" signature="skwollLN()[pri:0, instance:skwolladmin.testcases.TestcasesAdmin@f2ff811]" started-at="2019-08-22T07:12:37Z" name="skwollLN" finished-at="2019-08-22T07:12:39Z" duration-ms="2516" status="PASS">
          <reporter-output>
          </reporter-output>
        </test-method> <!-- skwollLN -->
        <test-method signature="blogCategoryList()[pri:0, instance:skwolladmin.testcases.TestcasesAdmin@f2ff811]" started-at="2019-08-22T07:12:39Z" name="blogCategoryList" finished-at="2019-08-22T07:12:41Z" duration-ms="1543" status="PASS">
          <reporter-output>
          </reporter-output>
        </test-method> <!-- blogCategoryList -->
        <test-method is-config="true" signature="skwollLO()[pri:0, instance:skwolladmin.testcases.TestcasesAdmin@f2ff811]" started-at="2019-08-22T07:12:41Z" name="skwollLO" finished-at="2019-08-22T07:12:44Z" duration-ms="3325" status="PASS">
          <reporter-output>
          </reporter-output>
        </test-method> <!-- skwollLO -->
        <test-method is-config="true" signature="skwollLN()[pri:0, instance:skwolladmin.testcases.TestcasesAdmin@f2ff811]" started-at="2019-08-22T07:12:44Z" name="skwollLN" finished-at="2019-08-22T07:12:46Z" duration-ms="2272" status="PASS">
          <reporter-output>
          </reporter-output>
        </test-method> <!-- skwollLN -->
        <test-method signature="blogList()[pri:0, instance:skwolladmin.testcases.TestcasesAdmin@f2ff811]" started-at="2019-08-22T07:12:46Z" name="blogList" finished-at="2019-08-22T07:12:48Z" duration-ms="1578" status="PASS">
          <reporter-output>
          </reporter-output>
        </test-method> <!-- blogList -->
        <test-method is-config="true" signature="skwollLO()[pri:0, instance:skwolladmin.testcases.TestcasesAdmin@f2ff811]" started-at="2019-08-22T07:12:48Z" name="skwollLO" finished-at="2019-08-22T07:12:51Z" duration-ms="3625" status="PASS">
          <reporter-output>
          </reporter-output>
        </test-method> <!-- skwollLO -->
        <test-method is-config="true" signature="skwollLN()[pri:0, instance:skwolladmin.testcases.TestcasesAdmin@f2ff811]" started-at="2019-08-22T07:12:51Z" name="skwollLN" finished-at="2019-08-22T07:12:57Z" duration-ms="5304" status="PASS">
          <reporter-output>
          </reporter-output>
        </test-method> <!-- skwollLN -->
        <test-method signature="couponList()[pri:0, instance:skwolladmin.testcases.TestcasesAdmin@f2ff811]" started-at="2019-08-22T07:12:57Z" name="couponList" finished-at="2019-08-22T07:13:00Z" duration-ms="3710" status="PASS">
          <reporter-output>
          </reporter-output>
        </test-method> <!-- couponList -->
        <test-method is-config="true" signature="skwollLO()[pri:0, instance:skwolladmin.testcases.TestcasesAdmin@f2ff811]" started-at="2019-08-22T07:13:00Z" name="skwollLO" finished-at="2019-08-22T07:13:04Z" duration-ms="3248" status="PASS">
          <reporter-output>
          </reporter-output>
        </test-method> <!-- skwollLO -->
        <test-method is-config="true" signature="skwollLN()[pri:0, instance:skwolladmin.testcases.TestcasesAdmin@f2ff811]" started-at="2019-08-22T07:13:04Z" name="skwollLN" finished-at="2019-08-22T07:13:06Z" duration-ms="2286" status="PASS">
          <reporter-output>
          </reporter-output>
        </test-method> <!-- skwollLN -->
        <test-method signature="eventList()[pri:0, instance:skwolladmin.testcases.TestcasesAdmin@f2ff811]" started-at="2019-08-22T07:13:06Z" name="eventList" finished-at="2019-08-22T07:13:10Z" duration-ms="3540" status="PASS">
          <reporter-output>
          </reporter-output>
        </test-method> <!-- eventList -->
        <test-method is-config="true" signature="skwollLO()[pri:0, instance:skwolladmin.testcases.TestcasesAdmin@f2ff811]" started-at="2019-08-22T07:13:10Z" name="skwollLO" finished-at="2019-08-22T07:13:13Z" duration-ms="3280" status="PASS">
          <reporter-output>
          </reporter-output>
        </test-method> <!-- skwollLO -->
        <test-method is-config="true" signature="skwollLN()[pri:0, instance:skwolladmin.testcases.TestcasesAdmin@f2ff811]" started-at="2019-08-22T07:13:13Z" name="skwollLN" finished-at="2019-08-22T07:13:15Z" duration-ms="2314" status="PASS">
          <reporter-output>
          </reporter-output>
        </test-method> <!-- skwollLN -->
        <test-method signature="inactiveCommentList()[pri:0, instance:skwolladmin.testcases.TestcasesAdmin@f2ff811]" started-at="2019-08-22T07:13:15Z" name="inactiveCommentList" finished-at="2019-08-22T07:13:17Z" duration-ms="1595" status="PASS">
          <reporter-output>
          </reporter-output>
        </test-method> <!-- inactiveCommentList -->
        <test-method is-config="true" signature="skwollLO()[pri:0, instance:skwolladmin.testcases.TestcasesAdmin@f2ff811]" started-at="2019-08-22T07:13:17Z" name="skwollLO" finished-at="2019-08-22T07:13:20Z" duration-ms="3205" status="PASS">
          <reporter-output>
          </reporter-output>
        </test-method> <!-- skwollLO -->
        <test-method is-config="true" signature="skwollLN()[pri:0, instance:skwolladmin.testcases.TestcasesAdmin@f2ff811]" started-at="2019-08-22T07:13:20Z" name="skwollLN" finished-at="2019-08-22T07:13:22Z" duration-ms="2531" status="PASS">
          <reporter-output>
          </reporter-output>
        </test-method> <!-- skwollLN -->
        <test-method signature="massNotification()[pri:0, instance:skwolladmin.testcases.TestcasesAdmin@f2ff811]" started-at="2019-08-22T07:13:22Z" name="massNotification" finished-at="2019-08-22T07:13:26Z" duration-ms="3993" status="FAIL">
          <exception class="org.openqa.selenium.InvalidArgumentException">
            <message>
              <![CDATA[Cannot click <input type=file> elements
Build info: version: '3.141.59', revision: 'e82be7d358', time: '2018-11-14T08:25:48'
System info: host: 'DREAMS-PC', ip: '192.168.1.38', os.name: 'Windows 7', os.arch: 'amd64', os.version: '6.1', java.version: '9.0.4'
Driver info: org.openqa.selenium.firefox.FirefoxDriver
Capabilities {acceptInsecureCerts: true, browserName: firefox, browserVersion: 68.0.1, javascriptEnabled: true, moz:accessibilityChecks: false, moz:buildID: 20190717172542, moz:geckodriverVersion: 0.24.0, moz:headless: false, moz:processID: 272, moz:profile: C:\Users\DREAMS\AppData\Loc..., moz:shutdownTimeout: 60000, moz:useNonSpecCompliantPointerOrigin: false, moz:webdriverClick: true, pageLoadStrategy: normal, platform: WINDOWS, platformName: WINDOWS, platformVersion: 6.1, rotatable: false, setWindowRect: true, strictFileInteractability: false, timeouts: {implicit: 0, pageLoad: 300000, script: 30000}, unhandledPromptBehavior: dismiss and notify}
Session ID: f7320e4d-9f14-4c37-9ddf-729388fe23f2]]>
            </message>
            <full-stacktrace>
              <![CDATA[org.openqa.selenium.InvalidArgumentException: Cannot click <input type=file> elements
Build info: version: '3.141.59', revision: 'e82be7d358', time: '2018-11-14T08:25:48'
System info: host: 'DREAMS-PC', ip: '192.168.1.38', os.name: 'Windows 7', os.arch: 'amd64', os.version: '6.1', java.version: '9.0.4'
Driver info: org.openqa.selenium.firefox.FirefoxDriver
Capabilities {acceptInsecureCerts: true, browserName: firefox, browserVersion: 68.0.1, javascriptEnabled: true, moz:accessibilityChecks: false, moz:buildID: 20190717172542, moz:geckodriverVersion: 0.24.0, moz:headless: false, moz:processID: 272, moz:profile: C:\Users\DREAMS\AppData\Loc..., moz:shutdownTimeout: 60000, moz:useNonSpecCompliantPointerOrigin: false, moz:webdriverClick: true, pageLoadStrategy: normal, platform: WINDOWS, platformName: WINDOWS, platformVersion: 6.1, rotatable: false, setWindowRect: true, strictFileInteractability: false, timeouts: {implicit: 0, pageLoad: 300000, script: 30000}, unhandledPromptBehavior: dismiss and notify}
Session ID: f7320e4d-9f14-4c37-9ddf-729388fe23f2
at java.base/jdk.internal.reflect.NativeConstructorAccessorImpl.newInstance0(Native Method)
at java.base/jdk.internal.reflect.NativeConstructorAccessorImpl.newInstance(Unknown Source)
at java.base/jdk.internal.reflect.DelegatingConstructorAccessorImpl.newInstance(Unknown Source)
at java.base/java.lang.reflect.Constructor.newInstance(Unknown Source)
at org.openqa.selenium.remote.http.W3CHttpResponseCodec.createException(W3CHttpResponseCodec.java:187)
at org.openqa.selenium.remote.http.W3CHttpResponseCodec.decode(W3CHttpResponseCodec.java:122)
at org.openqa.selenium.remote.http.W3CHttpResponseCodec.decode(W3CHttpResponseCodec.java:49)
at org.openqa.selenium.remote.HttpCommandExecutor.execute(HttpCommandExecutor.java:158)
at org.openqa.selenium.remote.service.DriverCommandExecutor.execute(DriverCommandExecutor.java:83)
at org.openqa.selenium.remote.RemoteWebDriver.execute(RemoteWebDriver.java:552)
at org.openqa.selenium.remote.RemoteWebElement.execute(RemoteWebElement.java:285)
at org.openqa.selenium.remote.RemoteWebElement.click(RemoteWebElement.java:84)
at skwolladmin.testcases.TestcasesAdmin.massNotification(TestcasesAdmin.java:640)
at java.base/jdk.internal.reflect.NativeMethodAccessorImpl.invoke0(Native Method)
at java.base/jdk.internal.reflect.NativeMethodAccessorImpl.invoke(Unknown Source)
at java.base/jdk.internal.reflect.DelegatingMethodAccessorImpl.invoke(Unknown Source)
at java.base/java.lang.reflect.Method.invoke(Unknown Source)
at org.testng.internal.MethodInvocationHelper.invokeMethod(MethodInvocationHelper.java:124)
at org.testng.internal.Invoker.invokeMethod(Invoker.java:583)
at org.testng.internal.Invoker.invokeTestMethod(Invoker.java:719)
at org.testng.internal.Invoker.invokeTestMethods(Invoker.java:989)
at org.testng.internal.TestMethodWorker.invokeTestMethods(TestMethodWorker.java:125)
at org.testng.internal.TestMethodWorker.run(TestMethodWorker.java:109)
at org.testng.TestRunner.privateRun(TestRunner.java:648)
at org.testng.TestRunner.run(TestRunner.java:505)
at org.testng.SuiteRunner.runTest(SuiteRunner.java:455)
at org.testng.SuiteRunner.runSequentially(SuiteRunner.java:450)
at org.testng.SuiteRunner.privateRun(SuiteRunner.java:415)
at org.testng.SuiteRunner.run(SuiteRunner.java:364)
at org.testng.SuiteRunnerWorker.runSuite(SuiteRunnerWorker.java:52)
at org.testng.SuiteRunnerWorker.run(SuiteRunnerWorker.java:84)
at org.testng.TestNG.runSuitesSequentially(TestNG.java:1208)
at org.testng.TestNG.runSuitesLocally(TestNG.java:1137)
at org.testng.TestNG.runSuites(TestNG.java:1049)
at org.testng.TestNG.run(TestNG.java:1017)
at org.testng.remote.AbstractRemoteTestNG.run(AbstractRemoteTestNG.java:115)
at org.testng.remote.RemoteTestNG.initAndRun(RemoteTestNG.java:251)
at org.testng.remote.RemoteTestNG.main(RemoteTestNG.java:77)
]]>
            </full-stacktrace>
          </exception> <!-- org.openqa.selenium.InvalidArgumentException -->
          <reporter-output>
          </reporter-output>
        </test-method> <!-- massNotification -->
        <test-method is-config="true" signature="skwollLO()[pri:0, instance:skwolladmin.testcases.TestcasesAdmin@f2ff811]" started-at="2019-08-22T07:13:26Z" name="skwollLO" finished-at="2019-08-22T07:13:30Z" duration-ms="3215" status="PASS">
          <reporter-output>
          </reporter-output>
        </test-method> <!-- skwollLO -->
        <test-method is-config="true" signature="skwollLN()[pri:0, instance:skwolladmin.testcases.TestcasesAdmin@f2ff811]" started-at="2019-08-22T07:13:30Z" name="skwollLN" finished-at="2019-08-22T07:13:32Z" duration-ms="2336" status="PASS">
          <reporter-output>
          </reporter-output>
        </test-method> <!-- skwollLN -->
        <test-method signature="massNotificationList()[pri:0, instance:skwolladmin.testcases.TestcasesAdmin@f2ff811]" started-at="2019-08-22T07:13:32Z" name="massNotificationList" finished-at="2019-08-22T07:13:36Z" duration-ms="3595" status="PASS">
          <reporter-output>
          </reporter-output>
        </test-method> <!-- massNotificationList -->
        <test-method is-config="true" signature="skwollLO()[pri:0, instance:skwolladmin.testcases.TestcasesAdmin@f2ff811]" started-at="2019-08-22T07:13:36Z" name="skwollLO" finished-at="2019-08-22T07:13:39Z" duration-ms="3368" status="PASS">
          <reporter-output>
          </reporter-output>
        </test-method> <!-- skwollLO -->
        <test-method is-config="true" signature="skwollLN()[pri:0, instance:skwolladmin.testcases.TestcasesAdmin@f2ff811]" started-at="2019-08-22T07:13:39Z" name="skwollLN" finished-at="2019-08-22T07:13:41Z" duration-ms="2296" status="PASS">
          <reporter-output>
          </reporter-output>
        </test-method> <!-- skwollLN -->
        <test-method signature="menuAddCategory()[pri:0, instance:skwolladmin.testcases.TestcasesAdmin@f2ff811]" started-at="2019-08-22T07:13:41Z" name="menuAddCategory" finished-at="2019-08-22T07:13:44Z" duration-ms="2929" status="PASS">
          <reporter-output>
          </reporter-output>
        </test-method> <!-- menuAddCategory -->
        <test-method is-config="true" signature="skwollLO()[pri:0, instance:skwolladmin.testcases.TestcasesAdmin@f2ff811]" started-at="2019-08-22T07:13:44Z" name="skwollLO" finished-at="2019-08-22T07:13:47Z" duration-ms="3235" status="PASS">
          <reporter-output>
          </reporter-output>
        </test-method> <!-- skwollLO -->
        <test-method is-config="true" signature="skwollLN()[pri:0, instance:skwolladmin.testcases.TestcasesAdmin@f2ff811]" started-at="2019-08-22T07:13:47Z" name="skwollLN" finished-at="2019-08-22T07:13:50Z" duration-ms="2404" status="PASS">
          <reporter-output>
          </reporter-output>
        </test-method> <!-- skwollLN -->
        <test-method signature="menuAddHappyHour()[pri:0, instance:skwolladmin.testcases.TestcasesAdmin@f2ff811]" started-at="2019-08-22T07:13:50Z" name="menuAddHappyHour" finished-at="2019-08-22T07:14:03Z" duration-ms="13155" status="PASS">
          <reporter-output>
          </reporter-output>
        </test-method> <!-- menuAddHappyHour -->
        <test-method is-config="true" signature="skwollLO()[pri:0, instance:skwolladmin.testcases.TestcasesAdmin@f2ff811]" started-at="2019-08-22T07:14:03Z" name="skwollLO" finished-at="2019-08-22T07:14:06Z" duration-ms="3258" status="PASS">
          <reporter-output>
          </reporter-output>
        </test-method> <!-- skwollLO -->
        <test-method is-config="true" signature="skwollLN()[pri:0, instance:skwolladmin.testcases.TestcasesAdmin@f2ff811]" started-at="2019-08-22T07:14:06Z" name="skwollLN" finished-at="2019-08-22T07:14:09Z" duration-ms="2416" status="PASS">
          <reporter-output>
          </reporter-output>
        </test-method> <!-- skwollLN -->
        <test-method signature="menuAddProduct()[pri:0, instance:skwolladmin.testcases.TestcasesAdmin@f2ff811]" started-at="2019-08-22T07:14:09Z" name="menuAddProduct" finished-at="2019-08-22T07:14:34Z" duration-ms="25072" status="PASS">
          <reporter-output>
          </reporter-output>
        </test-method> <!-- menuAddProduct -->
        <test-method is-config="true" signature="skwollLO()[pri:0, instance:skwolladmin.testcases.TestcasesAdmin@f2ff811]" started-at="2019-08-22T07:14:34Z" name="skwollLO" finished-at="2019-08-22T07:14:37Z" duration-ms="3232" status="PASS">
          <reporter-output>
          </reporter-output>
        </test-method> <!-- skwollLO -->
        <test-method is-config="true" signature="skwollLN()[pri:0, instance:skwolladmin.testcases.TestcasesAdmin@f2ff811]" started-at="2019-08-22T07:14:37Z" name="skwollLN" finished-at="2019-08-22T07:14:39Z" duration-ms="2118" status="PASS">
          <reporter-output>
          </reporter-output>
        </test-method> <!-- skwollLN -->
        <test-method signature="menuAddSubcategory()[pri:0, instance:skwolladmin.testcases.TestcasesAdmin@f2ff811]" started-at="2019-08-22T07:14:39Z" name="menuAddSubcategory" finished-at="2019-08-22T07:14:46Z" duration-ms="7033" status="PASS">
          <reporter-output>
          </reporter-output>
        </test-method> <!-- menuAddSubcategory -->
        <test-method is-config="true" signature="skwollLO()[pri:0, instance:skwolladmin.testcases.TestcasesAdmin@f2ff811]" started-at="2019-08-22T07:14:46Z" name="skwollLO" finished-at="2019-08-22T07:14:49Z" duration-ms="3300" status="PASS">
          <reporter-output>
          </reporter-output>
        </test-method> <!-- skwollLO -->
        <test-method is-config="true" signature="skwollLN()[pri:0, instance:skwolladmin.testcases.TestcasesAdmin@f2ff811]" started-at="2019-08-22T07:14:49Z" name="skwollLN" finished-at="2019-08-22T07:14:52Z" duration-ms="2187" status="PASS">
          <reporter-output>
          </reporter-output>
        </test-method> <!-- skwollLN -->
        <test-method signature="menuCanvasAddCategory()[pri:0, instance:skwolladmin.testcases.TestcasesAdmin@f2ff811]" started-at="2019-08-22T07:14:52Z" name="menuCanvasAddCategory" finished-at="2019-08-22T07:14:54Z" duration-ms="2320" status="FAIL">
          <exception class="org.openqa.selenium.ElementNotInteractableException">
            <message>
              <![CDATA[Element <a href="http://dreamsdev.website/skwoll/dashboard/admin/product/add-subcategory"> could not be scrolled into view
Build info: version: '3.141.59', revision: 'e82be7d358', time: '2018-11-14T08:25:48'
System info: host: 'DREAMS-PC', ip: '192.168.1.38', os.name: 'Windows 7', os.arch: 'amd64', os.version: '6.1', java.version: '9.0.4'
Driver info: org.openqa.selenium.firefox.FirefoxDriver
Capabilities {acceptInsecureCerts: true, browserName: firefox, browserVersion: 68.0.1, javascriptEnabled: true, moz:accessibilityChecks: false, moz:buildID: 20190717172542, moz:geckodriverVersion: 0.24.0, moz:headless: false, moz:processID: 272, moz:profile: C:\Users\DREAMS\AppData\Loc..., moz:shutdownTimeout: 60000, moz:useNonSpecCompliantPointerOrigin: false, moz:webdriverClick: true, pageLoadStrategy: normal, platform: WINDOWS, platformName: WINDOWS, platformVersion: 6.1, rotatable: false, setWindowRect: true, strictFileInteractability: false, timeouts: {implicit: 0, pageLoad: 300000, script: 30000}, unhandledPromptBehavior: dismiss and notify}
Session ID: f7320e4d-9f14-4c37-9ddf-729388fe23f2]]>
            </message>
            <full-stacktrace>
              <![CDATA[org.openqa.selenium.ElementNotInteractableException: Element <a href="http://dreamsdev.website/skwoll/dashboard/admin/product/add-subcategory"> could not be scrolled into view
Build info: version: '3.141.59', revision: 'e82be7d358', time: '2018-11-14T08:25:48'
System info: host: 'DREAMS-PC', ip: '192.168.1.38', os.name: 'Windows 7', os.arch: 'amd64', os.version: '6.1', java.version: '9.0.4'
Driver info: org.openqa.selenium.firefox.FirefoxDriver
Capabilities {acceptInsecureCerts: true, browserName: firefox, browserVersion: 68.0.1, javascriptEnabled: true, moz:accessibilityChecks: false, moz:buildID: 20190717172542, moz:geckodriverVersion: 0.24.0, moz:headless: false, moz:processID: 272, moz:profile: C:\Users\DREAMS\AppData\Loc..., moz:shutdownTimeout: 60000, moz:useNonSpecCompliantPointerOrigin: false, moz:webdriverClick: true, pageLoadStrategy: normal, platform: WINDOWS, platformName: WINDOWS, platformVersion: 6.1, rotatable: false, setWindowRect: true, strictFileInteractability: false, timeouts: {implicit: 0, pageLoad: 300000, script: 30000}, unhandledPromptBehavior: dismiss and notify}
Session ID: f7320e4d-9f14-4c37-9ddf-729388fe23f2
at java.base/jdk.internal.reflect.NativeConstructorAccessorImpl.newInstance0(Native Method)
at java.base/jdk.internal.reflect.NativeConstructorAccessorImpl.newInstance(Unknown Source)
at java.base/jdk.internal.reflect.DelegatingConstructorAccessorImpl.newInstance(Unknown Source)
at java.base/java.lang.reflect.Constructor.newInstance(Unknown Source)
at org.openqa.selenium.remote.http.W3CHttpResponseCodec.createException(W3CHttpResponseCodec.java:187)
at org.openqa.selenium.remote.http.W3CHttpResponseCodec.decode(W3CHttpResponseCodec.java:122)
at org.openqa.selenium.remote.http.W3CHttpResponseCodec.decode(W3CHttpResponseCodec.java:49)
at org.openqa.selenium.remote.HttpCommandExecutor.execute(HttpCommandExecutor.java:158)
at org.openqa.selenium.remote.service.DriverCommandExecutor.execute(DriverCommandExecutor.java:83)
at org.openqa.selenium.remote.RemoteWebDriver.execute(RemoteWebDriver.java:552)
at org.openqa.selenium.remote.RemoteWebElement.execute(RemoteWebElement.java:285)
at org.openqa.selenium.remote.RemoteWebElement.click(RemoteWebElement.java:84)
at skwolladmin.testcases.TestcasesAdmin.menuCanvasAddCategory(TestcasesAdmin.java:594)
at java.base/jdk.internal.reflect.NativeMethodAccessorImpl.invoke0(Native Method)
at java.base/jdk.internal.reflect.NativeMethodAccessorImpl.invoke(Unknown Source)
at java.base/jdk.internal.reflect.DelegatingMethodAccessorImpl.invoke(Unknown Source)
at java.base/java.lang.reflect.Method.invoke(Unknown Source)
at org.testng.internal.MethodInvocationHelper.invokeMethod(MethodInvocationHelper.java:124)
at org.testng.internal.Invoker.invokeMethod(Invoker.java:583)
at org.testng.internal.Invoker.invokeTestMethod(Invoker.java:719)
at org.testng.internal.Invoker.invokeTestMethods(Invoker.java:989)
at org.testng.internal.TestMethodWorker.invokeTestMethods(TestMethodWorker.java:125)
at org.testng.internal.TestMethodWorker.run(TestMethodWorker.java:109)
at org.testng.TestRunner.privateRun(TestRunner.java:648)
at org.testng.TestRunner.run(TestRunner.java:505)
at org.testng.SuiteRunner.runTest(SuiteRunner.java:455)
at org.testng.SuiteRunner.runSequentially(SuiteRunner.java:450)
at org.testng.SuiteRunner.privateRun(SuiteRunner.java:415)
at org.testng.SuiteRunner.run(SuiteRunner.java:364)
at org.testng.SuiteRunnerWorker.runSuite(SuiteRunnerWorker.java:52)
at org.testng.SuiteRunnerWorker.run(SuiteRunnerWorker.java:84)
at org.testng.TestNG.runSuitesSequentially(TestNG.java:1208)
at org.testng.TestNG.runSuitesLocally(TestNG.java:1137)
at org.testng.TestNG.runSuites(TestNG.java:1049)
at org.testng.TestNG.run(TestNG.java:1017)
at org.testng.remote.AbstractRemoteTestNG.run(AbstractRemoteTestNG.java:115)
at org.testng.remote.RemoteTestNG.initAndRun(RemoteTestNG.java:251)
at org.testng.remote.RemoteTestNG.main(RemoteTestNG.java:77)
]]>
            </full-stacktrace>
          </exception> <!-- org.openqa.selenium.ElementNotInteractableException -->
          <reporter-output>
          </reporter-output>
        </test-method> <!-- menuCanvasAddCategory -->
        <test-method is-config="true" signature="skwollLO()[pri:0, instance:skwolladmin.testcases.TestcasesAdmin@f2ff811]" started-at="2019-08-22T07:14:54Z" name="skwollLO" finished-at="2019-08-22T07:14:57Z" duration-ms="3245" status="PASS">
          <reporter-output>
          </reporter-output>
        </test-method> <!-- skwollLO -->
        <test-method is-config="true" signature="skwollLN()[pri:0, instance:skwolladmin.testcases.TestcasesAdmin@f2ff811]" started-at="2019-08-22T07:14:57Z" name="skwollLN" finished-at="2019-08-22T07:15:00Z" duration-ms="2391" status="PASS">
          <reporter-output>
          </reporter-output>
        </test-method> <!-- skwollLN -->
        <test-method signature="menuCanvasAddsubCategory()[pri:0, instance:skwolladmin.testcases.TestcasesAdmin@f2ff811]" started-at="2019-08-22T07:15:00Z" name="menuCanvasAddsubCategory" finished-at="2019-08-22T07:15:02Z" duration-ms="2320" status="FAIL">
          <exception class="org.openqa.selenium.ElementNotInteractableException">
            <message>
              <![CDATA[Element <a href="http://dreamsdev.website/skwoll/dashboard/admin/product/subcategory-list"> could not be scrolled into view
Build info: version: '3.141.59', revision: 'e82be7d358', time: '2018-11-14T08:25:48'
System info: host: 'DREAMS-PC', ip: '192.168.1.38', os.name: 'Windows 7', os.arch: 'amd64', os.version: '6.1', java.version: '9.0.4'
Driver info: org.openqa.selenium.firefox.FirefoxDriver
Capabilities {acceptInsecureCerts: true, browserName: firefox, browserVersion: 68.0.1, javascriptEnabled: true, moz:accessibilityChecks: false, moz:buildID: 20190717172542, moz:geckodriverVersion: 0.24.0, moz:headless: false, moz:processID: 272, moz:profile: C:\Users\DREAMS\AppData\Loc..., moz:shutdownTimeout: 60000, moz:useNonSpecCompliantPointerOrigin: false, moz:webdriverClick: true, pageLoadStrategy: normal, platform: WINDOWS, platformName: WINDOWS, platformVersion: 6.1, rotatable: false, setWindowRect: true, strictFileInteractability: false, timeouts: {implicit: 0, pageLoad: 300000, script: 30000}, unhandledPromptBehavior: dismiss and notify}
Session ID: f7320e4d-9f14-4c37-9ddf-729388fe23f2]]>
            </message>
            <full-stacktrace>
              <![CDATA[org.openqa.selenium.ElementNotInteractableException: Element <a href="http://dreamsdev.website/skwoll/dashboard/admin/product/subcategory-list"> could not be scrolled into view
Build info: version: '3.141.59', revision: 'e82be7d358', time: '2018-11-14T08:25:48'
System info: host: 'DREAMS-PC', ip: '192.168.1.38', os.name: 'Windows 7', os.arch: 'amd64', os.version: '6.1', java.version: '9.0.4'
Driver info: org.openqa.selenium.firefox.FirefoxDriver
Capabilities {acceptInsecureCerts: true, browserName: firefox, browserVersion: 68.0.1, javascriptEnabled: true, moz:accessibilityChecks: false, moz:buildID: 20190717172542, moz:geckodriverVersion: 0.24.0, moz:headless: false, moz:processID: 272, moz:profile: C:\Users\DREAMS\AppData\Loc..., moz:shutdownTimeout: 60000, moz:useNonSpecCompliantPointerOrigin: false, moz:webdriverClick: true, pageLoadStrategy: normal, platform: WINDOWS, platformName: WINDOWS, platformVersion: 6.1, rotatable: false, setWindowRect: true, strictFileInteractability: false, timeouts: {implicit: 0, pageLoad: 300000, script: 30000}, unhandledPromptBehavior: dismiss and notify}
Session ID: f7320e4d-9f14-4c37-9ddf-729388fe23f2
at java.base/jdk.internal.reflect.NativeConstructorAccessorImpl.newInstance0(Native Method)
at java.base/jdk.internal.reflect.NativeConstructorAccessorImpl.newInstance(Unknown Source)
at java.base/jdk.internal.reflect.DelegatingConstructorAccessorImpl.newInstance(Unknown Source)
at java.base/java.lang.reflect.Constructor.newInstance(Unknown Source)
at org.openqa.selenium.remote.http.W3CHttpResponseCodec.createException(W3CHttpResponseCodec.java:187)
at org.openqa.selenium.remote.http.W3CHttpResponseCodec.decode(W3CHttpResponseCodec.java:122)
at org.openqa.selenium.remote.http.W3CHttpResponseCodec.decode(W3CHttpResponseCodec.java:49)
at org.openqa.selenium.remote.HttpCommandExecutor.execute(HttpCommandExecutor.java:158)
at org.openqa.selenium.remote.service.DriverCommandExecutor.execute(DriverCommandExecutor.java:83)
at org.openqa.selenium.remote.RemoteWebDriver.execute(RemoteWebDriver.java:552)
at org.openqa.selenium.remote.RemoteWebElement.execute(RemoteWebElement.java:285)
at org.openqa.selenium.remote.RemoteWebElement.click(RemoteWebElement.java:84)
at skwolladmin.testcases.TestcasesAdmin.menuCanvasAddsubCategory(TestcasesAdmin.java:613)
at java.base/jdk.internal.reflect.NativeMethodAccessorImpl.invoke0(Native Method)
at java.base/jdk.internal.reflect.NativeMethodAccessorImpl.invoke(Unknown Source)
at java.base/jdk.internal.reflect.DelegatingMethodAccessorImpl.invoke(Unknown Source)
at java.base/java.lang.reflect.Method.invoke(Unknown Source)
at org.testng.internal.MethodInvocationHelper.invokeMethod(MethodInvocationHelper.java:124)
at org.testng.internal.Invoker.invokeMethod(Invoker.java:583)
at org.testng.internal.Invoker.invokeTestMethod(Invoker.java:719)
at org.testng.internal.Invoker.invokeTestMethods(Invoker.java:989)
at org.testng.internal.TestMethodWorker.invokeTestMethods(TestMethodWorker.java:125)
at org.testng.internal.TestMethodWorker.run(TestMethodWorker.java:109)
at org.testng.TestRunner.privateRun(TestRunner.java:648)
at org.testng.TestRunner.run(TestRunner.java:505)
at org.testng.SuiteRunner.runTest(SuiteRunner.java:455)
at org.testng.SuiteRunner.runSequentially(SuiteRunner.java:450)
at org.testng.SuiteRunner.privateRun(SuiteRunner.java:415)
at org.testng.SuiteRunner.run(SuiteRunner.java:364)
at org.testng.SuiteRunnerWorker.runSuite(SuiteRunnerWorker.java:52)
at org.testng.SuiteRunnerWorker.run(SuiteRunnerWorker.java:84)
at org.testng.TestNG.runSuitesSequentially(TestNG.java:1208)
at org.testng.TestNG.runSuitesLocally(TestNG.java:1137)
at org.testng.TestNG.runSuites(TestNG.java:1049)
at org.testng.TestNG.run(TestNG.java:1017)
at org.testng.remote.AbstractRemoteTestNG.run(AbstractRemoteTestNG.java:115)
at org.testng.remote.RemoteTestNG.initAndRun(RemoteTestNG.java:251)
at org.testng.remote.RemoteTestNG.main(RemoteTestNG.java:77)
]]>
            </full-stacktrace>
          </exception> <!-- org.openqa.selenium.ElementNotInteractableException -->
          <reporter-output>
          </reporter-output>
        </test-method> <!-- menuCanvasAddsubCategory -->
        <test-method is-config="true" signature="skwollLO()[pri:0, instance:skwolladmin.testcases.TestcasesAdmin@f2ff811]" started-at="2019-08-22T07:15:02Z" name="skwollLO" finished-at="2019-08-22T07:15:05Z" duration-ms="3267" status="PASS">
          <reporter-output>
          </reporter-output>
        </test-method> <!-- skwollLO -->
        <test-method is-config="true" signature="skwollLN()[pri:0, instance:skwolladmin.testcases.TestcasesAdmin@f2ff811]" started-at="2019-08-22T07:15:05Z" name="skwollLN" finished-at="2019-08-22T07:15:07Z" duration-ms="2138" status="PASS">
          <reporter-output>
          </reporter-output>
        </test-method> <!-- skwollLN -->
        <test-method signature="menuCanvasCategoryList()[pri:0, instance:skwolladmin.testcases.TestcasesAdmin@f2ff811]" started-at="2019-08-22T07:15:07Z" name="menuCanvasCategoryList" finished-at="2019-08-22T07:15:10Z" duration-ms="2350" status="FAIL">
          <exception class="org.openqa.selenium.ElementNotInteractableException">
            <message>
              <![CDATA[Element <a href="http://dreamsdev.website/skwoll/dashboard/admin/product/subcategory-list"> could not be scrolled into view
Build info: version: '3.141.59', revision: 'e82be7d358', time: '2018-11-14T08:25:48'
System info: host: 'DREAMS-PC', ip: '192.168.1.38', os.name: 'Windows 7', os.arch: 'amd64', os.version: '6.1', java.version: '9.0.4'
Driver info: org.openqa.selenium.firefox.FirefoxDriver
Capabilities {acceptInsecureCerts: true, browserName: firefox, browserVersion: 68.0.1, javascriptEnabled: true, moz:accessibilityChecks: false, moz:buildID: 20190717172542, moz:geckodriverVersion: 0.24.0, moz:headless: false, moz:processID: 272, moz:profile: C:\Users\DREAMS\AppData\Loc..., moz:shutdownTimeout: 60000, moz:useNonSpecCompliantPointerOrigin: false, moz:webdriverClick: true, pageLoadStrategy: normal, platform: WINDOWS, platformName: WINDOWS, platformVersion: 6.1, rotatable: false, setWindowRect: true, strictFileInteractability: false, timeouts: {implicit: 0, pageLoad: 300000, script: 30000}, unhandledPromptBehavior: dismiss and notify}
Session ID: f7320e4d-9f14-4c37-9ddf-729388fe23f2]]>
            </message>
            <full-stacktrace>
              <![CDATA[org.openqa.selenium.ElementNotInteractableException: Element <a href="http://dreamsdev.website/skwoll/dashboard/admin/product/subcategory-list"> could not be scrolled into view
Build info: version: '3.141.59', revision: 'e82be7d358', time: '2018-11-14T08:25:48'
System info: host: 'DREAMS-PC', ip: '192.168.1.38', os.name: 'Windows 7', os.arch: 'amd64', os.version: '6.1', java.version: '9.0.4'
Driver info: org.openqa.selenium.firefox.FirefoxDriver
Capabilities {acceptInsecureCerts: true, browserName: firefox, browserVersion: 68.0.1, javascriptEnabled: true, moz:accessibilityChecks: false, moz:buildID: 20190717172542, moz:geckodriverVersion: 0.24.0, moz:headless: false, moz:processID: 272, moz:profile: C:\Users\DREAMS\AppData\Loc..., moz:shutdownTimeout: 60000, moz:useNonSpecCompliantPointerOrigin: false, moz:webdriverClick: true, pageLoadStrategy: normal, platform: WINDOWS, platformName: WINDOWS, platformVersion: 6.1, rotatable: false, setWindowRect: true, strictFileInteractability: false, timeouts: {implicit: 0, pageLoad: 300000, script: 30000}, unhandledPromptBehavior: dismiss and notify}
Session ID: f7320e4d-9f14-4c37-9ddf-729388fe23f2
at java.base/jdk.internal.reflect.NativeConstructorAccessorImpl.newInstance0(Native Method)
at java.base/jdk.internal.reflect.NativeConstructorAccessorImpl.newInstance(Unknown Source)
at java.base/jdk.internal.reflect.DelegatingConstructorAccessorImpl.newInstance(Unknown Source)
at java.base/java.lang.reflect.Constructor.newInstance(Unknown Source)
at org.openqa.selenium.remote.http.W3CHttpResponseCodec.createException(W3CHttpResponseCodec.java:187)
at org.openqa.selenium.remote.http.W3CHttpResponseCodec.decode(W3CHttpResponseCodec.java:122)
at org.openqa.selenium.remote.http.W3CHttpResponseCodec.decode(W3CHttpResponseCodec.java:49)
at org.openqa.selenium.remote.HttpCommandExecutor.execute(HttpCommandExecutor.java:158)
at org.openqa.selenium.remote.service.DriverCommandExecutor.execute(DriverCommandExecutor.java:83)
at org.openqa.selenium.remote.RemoteWebDriver.execute(RemoteWebDriver.java:552)
at org.openqa.selenium.remote.RemoteWebElement.execute(RemoteWebElement.java:285)
at org.openqa.selenium.remote.RemoteWebElement.click(RemoteWebElement.java:84)
at skwolladmin.testcases.TestcasesAdmin.menuCanvasCategoryList(TestcasesAdmin.java:604)
at java.base/jdk.internal.reflect.NativeMethodAccessorImpl.invoke0(Native Method)
at java.base/jdk.internal.reflect.NativeMethodAccessorImpl.invoke(Unknown Source)
at java.base/jdk.internal.reflect.DelegatingMethodAccessorImpl.invoke(Unknown Source)
at java.base/java.lang.reflect.Method.invoke(Unknown Source)
at org.testng.internal.MethodInvocationHelper.invokeMethod(MethodInvocationHelper.java:124)
at org.testng.internal.Invoker.invokeMethod(Invoker.java:583)
at org.testng.internal.Invoker.invokeTestMethod(Invoker.java:719)
at org.testng.internal.Invoker.invokeTestMethods(Invoker.java:989)
at org.testng.internal.TestMethodWorker.invokeTestMethods(TestMethodWorker.java:125)
at org.testng.internal.TestMethodWorker.run(TestMethodWorker.java:109)
at org.testng.TestRunner.privateRun(TestRunner.java:648)
at org.testng.TestRunner.run(TestRunner.java:505)
at org.testng.SuiteRunner.runTest(SuiteRunner.java:455)
at org.testng.SuiteRunner.runSequentially(SuiteRunner.java:450)
at org.testng.SuiteRunner.privateRun(SuiteRunner.java:415)
at org.testng.SuiteRunner.run(SuiteRunner.java:364)
at org.testng.SuiteRunnerWorker.runSuite(SuiteRunnerWorker.java:52)
at org.testng.SuiteRunnerWorker.run(SuiteRunnerWorker.java:84)
at org.testng.TestNG.runSuitesSequentially(TestNG.java:1208)
at org.testng.TestNG.runSuitesLocally(TestNG.java:1137)
at org.testng.TestNG.runSuites(TestNG.java:1049)
at org.testng.TestNG.run(TestNG.java:1017)
at org.testng.remote.AbstractRemoteTestNG.run(AbstractRemoteTestNG.java:115)
at org.testng.remote.RemoteTestNG.initAndRun(RemoteTestNG.java:251)
at org.testng.remote.RemoteTestNG.main(RemoteTestNG.java:77)
]]>
            </full-stacktrace>
          </exception> <!-- org.openqa.selenium.ElementNotInteractableException -->
          <reporter-output>
          </reporter-output>
        </test-method> <!-- menuCanvasCategoryList -->
        <test-method is-config="true" signature="skwollLO()[pri:0, instance:skwolladmin.testcases.TestcasesAdmin@f2ff811]" started-at="2019-08-22T07:15:10Z" name="skwollLO" finished-at="2019-08-22T07:15:13Z" duration-ms="3235" status="PASS">
          <reporter-output>
          </reporter-output>
        </test-method> <!-- skwollLO -->
        <test-method is-config="true" signature="skwollLN()[pri:0, instance:skwolladmin.testcases.TestcasesAdmin@f2ff811]" started-at="2019-08-22T07:15:13Z" name="skwollLN" finished-at="2019-08-22T07:15:15Z" duration-ms="2121" status="PASS">
          <reporter-output>
          </reporter-output>
        </test-method> <!-- skwollLN -->
        <test-method signature="menuCanvasSubCategoryList()[pri:0, instance:skwolladmin.testcases.TestcasesAdmin@f2ff811]" started-at="2019-08-22T07:15:15Z" name="menuCanvasSubCategoryList" finished-at="2019-08-22T07:15:17Z" duration-ms="2320" status="FAIL">
          <exception class="org.openqa.selenium.ElementNotInteractableException">
            <message>
              <![CDATA[Element <a href="http://dreamsdev.website/skwoll/dashboard/admin/product/subcategoryitem-list"> could not be scrolled into view
Build info: version: '3.141.59', revision: 'e82be7d358', time: '2018-11-14T08:25:48'
System info: host: 'DREAMS-PC', ip: '192.168.1.38', os.name: 'Windows 7', os.arch: 'amd64', os.version: '6.1', java.version: '9.0.4'
Driver info: org.openqa.selenium.firefox.FirefoxDriver
Capabilities {acceptInsecureCerts: true, browserName: firefox, browserVersion: 68.0.1, javascriptEnabled: true, moz:accessibilityChecks: false, moz:buildID: 20190717172542, moz:geckodriverVersion: 0.24.0, moz:headless: false, moz:processID: 272, moz:profile: C:\Users\DREAMS\AppData\Loc..., moz:shutdownTimeout: 60000, moz:useNonSpecCompliantPointerOrigin: false, moz:webdriverClick: true, pageLoadStrategy: normal, platform: WINDOWS, platformName: WINDOWS, platformVersion: 6.1, rotatable: false, setWindowRect: true, strictFileInteractability: false, timeouts: {implicit: 0, pageLoad: 300000, script: 30000}, unhandledPromptBehavior: dismiss and notify}
Session ID: f7320e4d-9f14-4c37-9ddf-729388fe23f2]]>
            </message>
            <full-stacktrace>
              <![CDATA[org.openqa.selenium.ElementNotInteractableException: Element <a href="http://dreamsdev.website/skwoll/dashboard/admin/product/subcategoryitem-list"> could not be scrolled into view
Build info: version: '3.141.59', revision: 'e82be7d358', time: '2018-11-14T08:25:48'
System info: host: 'DREAMS-PC', ip: '192.168.1.38', os.name: 'Windows 7', os.arch: 'amd64', os.version: '6.1', java.version: '9.0.4'
Driver info: org.openqa.selenium.firefox.FirefoxDriver
Capabilities {acceptInsecureCerts: true, browserName: firefox, browserVersion: 68.0.1, javascriptEnabled: true, moz:accessibilityChecks: false, moz:buildID: 20190717172542, moz:geckodriverVersion: 0.24.0, moz:headless: false, moz:processID: 272, moz:profile: C:\Users\DREAMS\AppData\Loc..., moz:shutdownTimeout: 60000, moz:useNonSpecCompliantPointerOrigin: false, moz:webdriverClick: true, pageLoadStrategy: normal, platform: WINDOWS, platformName: WINDOWS, platformVersion: 6.1, rotatable: false, setWindowRect: true, strictFileInteractability: false, timeouts: {implicit: 0, pageLoad: 300000, script: 30000}, unhandledPromptBehavior: dismiss and notify}
Session ID: f7320e4d-9f14-4c37-9ddf-729388fe23f2
at java.base/jdk.internal.reflect.NativeConstructorAccessorImpl.newInstance0(Native Method)
at java.base/jdk.internal.reflect.NativeConstructorAccessorImpl.newInstance(Unknown Source)
at java.base/jdk.internal.reflect.DelegatingConstructorAccessorImpl.newInstance(Unknown Source)
at java.base/java.lang.reflect.Constructor.newInstance(Unknown Source)
at org.openqa.selenium.remote.http.W3CHttpResponseCodec.createException(W3CHttpResponseCodec.java:187)
at org.openqa.selenium.remote.http.W3CHttpResponseCodec.decode(W3CHttpResponseCodec.java:122)
at org.openqa.selenium.remote.http.W3CHttpResponseCodec.decode(W3CHttpResponseCodec.java:49)
at org.openqa.selenium.remote.HttpCommandExecutor.execute(HttpCommandExecutor.java:158)
at org.openqa.selenium.remote.service.DriverCommandExecutor.execute(DriverCommandExecutor.java:83)
at org.openqa.selenium.remote.RemoteWebDriver.execute(RemoteWebDriver.java:552)
at org.openqa.selenium.remote.RemoteWebElement.execute(RemoteWebElement.java:285)
at org.openqa.selenium.remote.RemoteWebElement.click(RemoteWebElement.java:84)
at skwolladmin.testcases.TestcasesAdmin.menuCanvasSubCategoryList(TestcasesAdmin.java:625)
at java.base/jdk.internal.reflect.NativeMethodAccessorImpl.invoke0(Native Method)
at java.base/jdk.internal.reflect.NativeMethodAccessorImpl.invoke(Unknown Source)
at java.base/jdk.internal.reflect.DelegatingMethodAccessorImpl.invoke(Unknown Source)
at java.base/java.lang.reflect.Method.invoke(Unknown Source)
at org.testng.internal.MethodInvocationHelper.invokeMethod(MethodInvocationHelper.java:124)
at org.testng.internal.Invoker.invokeMethod(Invoker.java:583)
at org.testng.internal.Invoker.invokeTestMethod(Invoker.java:719)
at org.testng.internal.Invoker.invokeTestMethods(Invoker.java:989)
at org.testng.internal.TestMethodWorker.invokeTestMethods(TestMethodWorker.java:125)
at org.testng.internal.TestMethodWorker.run(TestMethodWorker.java:109)
at org.testng.TestRunner.privateRun(TestRunner.java:648)
at org.testng.TestRunner.run(TestRunner.java:505)
at org.testng.SuiteRunner.runTest(SuiteRunner.java:455)
at org.testng.SuiteRunner.runSequentially(SuiteRunner.java:450)
at org.testng.SuiteRunner.privateRun(SuiteRunner.java:415)
at org.testng.SuiteRunner.run(SuiteRunner.java:364)
at org.testng.SuiteRunnerWorker.runSuite(SuiteRunnerWorker.java:52)
at org.testng.SuiteRunnerWorker.run(SuiteRunnerWorker.java:84)
at org.testng.TestNG.runSuitesSequentially(TestNG.java:1208)
at org.testng.TestNG.runSuitesLocally(TestNG.java:1137)
at org.testng.TestNG.runSuites(TestNG.java:1049)
at org.testng.TestNG.run(TestNG.java:1017)
at org.testng.remote.AbstractRemoteTestNG.run(AbstractRemoteTestNG.java:115)
at org.testng.remote.RemoteTestNG.initAndRun(RemoteTestNG.java:251)
at org.testng.remote.RemoteTestNG.main(RemoteTestNG.java:77)
]]>
            </full-stacktrace>
          </exception> <!-- org.openqa.selenium.ElementNotInteractableException -->
          <reporter-output>
          </reporter-output>
        </test-method> <!-- menuCanvasSubCategoryList -->
        <test-method is-config="true" signature="skwollLO()[pri:0, instance:skwolladmin.testcases.TestcasesAdmin@f2ff811]" started-at="2019-08-22T07:15:17Z" name="skwollLO" finished-at="2019-08-22T07:15:21Z" duration-ms="3292" status="PASS">
          <reporter-output>
          </reporter-output>
        </test-method> <!-- skwollLO -->
        <test-method is-config="true" signature="skwollLN()[pri:0, instance:skwolladmin.testcases.TestcasesAdmin@f2ff811]" started-at="2019-08-22T07:15:21Z" name="skwollLN" finished-at="2019-08-22T07:15:23Z" duration-ms="2086" status="PASS">
          <reporter-output>
          </reporter-output>
        </test-method> <!-- skwollLN -->
        <test-method signature="menuCategoryList()[pri:0, instance:skwolladmin.testcases.TestcasesAdmin@f2ff811]" started-at="2019-08-22T07:15:23Z" name="menuCategoryList" finished-at="2019-08-22T07:15:26Z" duration-ms="3513" status="PASS">
          <reporter-output>
          </reporter-output>
        </test-method> <!-- menuCategoryList -->
        <test-method is-config="true" signature="skwollLO()[pri:0, instance:skwolladmin.testcases.TestcasesAdmin@f2ff811]" started-at="2019-08-22T07:15:26Z" name="skwollLO" finished-at="2019-08-22T07:15:30Z" duration-ms="3300" status="PASS">
          <reporter-output>
          </reporter-output>
        </test-method> <!-- skwollLO -->
        <test-method is-config="true" signature="skwollLN()[pri:0, instance:skwolladmin.testcases.TestcasesAdmin@f2ff811]" started-at="2019-08-22T07:15:30Z" name="skwollLN" finished-at="2019-08-22T07:15:33Z" duration-ms="3687" status="PASS">
          <reporter-output>
          </reporter-output>
        </test-method> <!-- skwollLN -->
        <test-method signature="menuHappyHourList()[pri:0, instance:skwolladmin.testcases.TestcasesAdmin@f2ff811]" started-at="2019-08-22T07:15:33Z" name="menuHappyHourList" finished-at="2019-08-22T07:15:35Z" duration-ms="1798" status="PASS">
          <reporter-output>
          </reporter-output>
        </test-method> <!-- menuHappyHourList -->
        <test-method is-config="true" signature="skwollLO()[pri:0, instance:skwolladmin.testcases.TestcasesAdmin@f2ff811]" started-at="2019-08-22T07:15:35Z" name="skwollLO" finished-at="2019-08-22T07:15:38Z" duration-ms="3247" status="PASS">
          <reporter-output>
          </reporter-output>
        </test-method> <!-- skwollLO -->
        <test-method is-config="true" signature="skwollLN()[pri:0, instance:skwolladmin.testcases.TestcasesAdmin@f2ff811]" started-at="2019-08-22T07:15:38Z" name="skwollLN" finished-at="2019-08-22T07:15:41Z" duration-ms="2781" status="PASS">
          <reporter-output>
          </reporter-output>
        </test-method> <!-- skwollLN -->
        <test-method signature="menuProductList()[pri:0, instance:skwolladmin.testcases.TestcasesAdmin@f2ff811]" started-at="2019-08-22T07:15:41Z" name="menuProductList" finished-at="2019-08-22T07:15:43Z" duration-ms="1928" status="PASS">
          <reporter-output>
          </reporter-output>
        </test-method> <!-- menuProductList -->
        <test-method is-config="true" signature="skwollLO()[pri:0, instance:skwolladmin.testcases.TestcasesAdmin@f2ff811]" started-at="2019-08-22T07:15:43Z" name="skwollLO" finished-at="2019-08-22T07:15:47Z" duration-ms="3728" status="PASS">
          <reporter-output>
          </reporter-output>
        </test-method> <!-- skwollLO -->
        <test-method is-config="true" signature="skwollLN()[pri:0, instance:skwolladmin.testcases.TestcasesAdmin@f2ff811]" started-at="2019-08-22T07:15:47Z" name="skwollLN" finished-at="2019-08-22T07:15:51Z" duration-ms="4708" status="PASS">
          <reporter-output>
          </reporter-output>
        </test-method> <!-- skwollLN -->
        <test-method signature="menuSubcategoryList()[pri:0, instance:skwolladmin.testcases.TestcasesAdmin@f2ff811]" started-at="2019-08-22T07:15:51Z" name="menuSubcategoryList" finished-at="2019-08-22T07:15:53Z" duration-ms="1615" status="PASS">
          <reporter-output>
          </reporter-output>
        </test-method> <!-- menuSubcategoryList -->
        <test-method is-config="true" signature="skwollLO()[pri:0, instance:skwolladmin.testcases.TestcasesAdmin@f2ff811]" started-at="2019-08-22T07:15:53Z" name="skwollLO" finished-at="2019-08-22T07:15:56Z" duration-ms="3402" status="PASS">
          <reporter-output>
          </reporter-output>
        </test-method> <!-- skwollLO -->
        <test-method is-config="true" signature="skwollLN()[pri:0, instance:skwolladmin.testcases.TestcasesAdmin@f2ff811]" started-at="2019-08-22T07:15:56Z" name="skwollLN" finished-at="2019-08-22T07:15:59Z" duration-ms="2303" status="PASS">
          <reporter-output>
          </reporter-output>
        </test-method> <!-- skwollLN -->
        <test-method signature="skwollImage()[pri:0, instance:skwolladmin.testcases.TestcasesAdmin@f2ff811]" started-at="2019-08-22T07:15:59Z" name="skwollImage" finished-at="2019-08-22T07:16:01Z" duration-ms="2338" status="FAIL">
          <exception class="org.openqa.selenium.ElementNotInteractableException">
            <message>
              <![CDATA[Element <a href="http://dreamsdev.website/skwoll/dashboard/admin/product/add-subcategory"> could not be scrolled into view
Build info: version: '3.141.59', revision: 'e82be7d358', time: '2018-11-14T08:25:48'
System info: host: 'DREAMS-PC', ip: '192.168.1.38', os.name: 'Windows 7', os.arch: 'amd64', os.version: '6.1', java.version: '9.0.4'
Driver info: org.openqa.selenium.firefox.FirefoxDriver
Capabilities {acceptInsecureCerts: true, browserName: firefox, browserVersion: 68.0.1, javascriptEnabled: true, moz:accessibilityChecks: false, moz:buildID: 20190717172542, moz:geckodriverVersion: 0.24.0, moz:headless: false, moz:processID: 272, moz:profile: C:\Users\DREAMS\AppData\Loc..., moz:shutdownTimeout: 60000, moz:useNonSpecCompliantPointerOrigin: false, moz:webdriverClick: true, pageLoadStrategy: normal, platform: WINDOWS, platformName: WINDOWS, platformVersion: 6.1, rotatable: false, setWindowRect: true, strictFileInteractability: false, timeouts: {implicit: 0, pageLoad: 300000, script: 30000}, unhandledPromptBehavior: dismiss and notify}
Session ID: f7320e4d-9f14-4c37-9ddf-729388fe23f2]]>
            </message>
            <full-stacktrace>
              <![CDATA[org.openqa.selenium.ElementNotInteractableException: Element <a href="http://dreamsdev.website/skwoll/dashboard/admin/product/add-subcategory"> could not be scrolled into view
Build info: version: '3.141.59', revision: 'e82be7d358', time: '2018-11-14T08:25:48'
System info: host: 'DREAMS-PC', ip: '192.168.1.38', os.name: 'Windows 7', os.arch: 'amd64', os.version: '6.1', java.version: '9.0.4'
Driver info: org.openqa.selenium.firefox.FirefoxDriver
Capabilities {acceptInsecureCerts: true, browserName: firefox, browserVersion: 68.0.1, javascriptEnabled: true, moz:accessibilityChecks: false, moz:buildID: 20190717172542, moz:geckodriverVersion: 0.24.0, moz:headless: false, moz:processID: 272, moz:profile: C:\Users\DREAMS\AppData\Loc..., moz:shutdownTimeout: 60000, moz:useNonSpecCompliantPointerOrigin: false, moz:webdriverClick: true, pageLoadStrategy: normal, platform: WINDOWS, platformName: WINDOWS, platformVersion: 6.1, rotatable: false, setWindowRect: true, strictFileInteractability: false, timeouts: {implicit: 0, pageLoad: 300000, script: 30000}, unhandledPromptBehavior: dismiss and notify}
Session ID: f7320e4d-9f14-4c37-9ddf-729388fe23f2
at java.base/jdk.internal.reflect.NativeConstructorAccessorImpl.newInstance0(Native Method)
at java.base/jdk.internal.reflect.NativeConstructorAccessorImpl.newInstance(Unknown Source)
at java.base/jdk.internal.reflect.DelegatingConstructorAccessorImpl.newInstance(Unknown Source)
at java.base/java.lang.reflect.Constructor.newInstance(Unknown Source)
at org.openqa.selenium.remote.http.W3CHttpResponseCodec.createException(W3CHttpResponseCodec.java:187)
at org.openqa.selenium.remote.http.W3CHttpResponseCodec.decode(W3CHttpResponseCodec.java:122)
at org.openqa.selenium.remote.http.W3CHttpResponseCodec.decode(W3CHttpResponseCodec.java:49)
at org.openqa.selenium.remote.HttpCommandExecutor.execute(HttpCommandExecutor.java:158)
at org.openqa.selenium.remote.service.DriverCommandExecutor.execute(DriverCommandExecutor.java:83)
at org.openqa.selenium.remote.RemoteWebDriver.execute(RemoteWebDriver.java:552)
at org.openqa.selenium.remote.RemoteWebElement.execute(RemoteWebElement.java:285)
at org.openqa.selenium.remote.RemoteWebElement.click(RemoteWebElement.java:84)
at skwolladmin.testcases.TestcasesAdmin.skwollImage(TestcasesAdmin.java:530)
at java.base/jdk.internal.reflect.NativeMethodAccessorImpl.invoke0(Native Method)
at java.base/jdk.internal.reflect.NativeMethodAccessorImpl.invoke(Unknown Source)
at java.base/jdk.internal.reflect.DelegatingMethodAccessorImpl.invoke(Unknown Source)
at java.base/java.lang.reflect.Method.invoke(Unknown Source)
at org.testng.internal.MethodInvocationHelper.invokeMethod(MethodInvocationHelper.java:124)
at org.testng.internal.Invoker.invokeMethod(Invoker.java:583)
at org.testng.internal.Invoker.invokeTestMethod(Invoker.java:719)
at org.testng.internal.Invoker.invokeTestMethods(Invoker.java:989)
at org.testng.internal.TestMethodWorker.invokeTestMethods(TestMethodWorker.java:125)
at org.testng.internal.TestMethodWorker.run(TestMethodWorker.java:109)
at org.testng.TestRunner.privateRun(TestRunner.java:648)
at org.testng.TestRunner.run(TestRunner.java:505)
at org.testng.SuiteRunner.runTest(SuiteRunner.java:455)
at org.testng.SuiteRunner.runSequentially(SuiteRunner.java:450)
at org.testng.SuiteRunner.privateRun(SuiteRunner.java:415)
at org.testng.SuiteRunner.run(SuiteRunner.java:364)
at org.testng.SuiteRunnerWorker.runSuite(SuiteRunnerWorker.java:52)
at org.testng.SuiteRunnerWorker.run(SuiteRunnerWorker.java:84)
at org.testng.TestNG.runSuitesSequentially(TestNG.java:1208)
at org.testng.TestNG.runSuitesLocally(TestNG.java:1137)
at org.testng.TestNG.runSuites(TestNG.java:1049)
at org.testng.TestNG.run(TestNG.java:1017)
at org.testng.remote.AbstractRemoteTestNG.run(AbstractRemoteTestNG.java:115)
at org.testng.remote.RemoteTestNG.initAndRun(RemoteTestNG.java:251)
at org.testng.remote.RemoteTestNG.main(RemoteTestNG.java:77)
]]>
            </full-stacktrace>
          </exception> <!-- org.openqa.selenium.ElementNotInteractableException -->
          <reporter-output>
          </reporter-output>
        </test-method> <!-- skwollImage -->
        <test-method is-config="true" signature="skwollLO()[pri:0, instance:skwolladmin.testcases.TestcasesAdmin@f2ff811]" started-at="2019-08-22T07:16:01Z" name="skwollLO" finished-at="2019-08-22T07:16:04Z" duration-ms="3315" status="PASS">
          <reporter-output>
          </reporter-output>
        </test-method> <!-- skwollLO -->
        <test-method is-config="true" signature="skwollLN()[pri:0, instance:skwolladmin.testcases.TestcasesAdmin@f2ff811]" started-at="2019-08-22T07:16:04Z" name="skwollLN" finished-at="2019-08-22T07:16:07Z" duration-ms="2873" status="PASS">
          <reporter-output>
          </reporter-output>
        </test-method> <!-- skwollLN -->
        <test-method signature="skwollImageAddImage()[pri:0, instance:skwolladmin.testcases.TestcasesAdmin@f2ff811]" started-at="2019-08-22T07:16:07Z" name="skwollImageAddImage" finished-at="2019-08-22T07:16:11Z" duration-ms="3587" status="FAIL">
          <exception class="org.openqa.selenium.NoSuchElementException">
            <message>
              <![CDATA[Cannot locate option with index: 1
For documentation on this error, please visit: https://www.seleniumhq.org/exceptions/no_such_element.html
Build info: version: '3.141.59', revision: 'e82be7d358', time: '2018-11-14T08:25:48'
System info: host: 'DREAMS-PC', ip: '192.168.1.38', os.name: 'Windows 7', os.arch: 'amd64', os.version: '6.1', java.version: '9.0.4'
Driver info: driver.version: unknown]]>
            </message>
            <full-stacktrace>
              <![CDATA[org.openqa.selenium.NoSuchElementException: Cannot locate option with index: 1
For documentation on this error, please visit: https://www.seleniumhq.org/exceptions/no_such_element.html
Build info: version: '3.141.59', revision: 'e82be7d358', time: '2018-11-14T08:25:48'
System info: host: 'DREAMS-PC', ip: '192.168.1.38', os.name: 'Windows 7', os.arch: 'amd64', os.version: '6.1', java.version: '9.0.4'
Driver info: driver.version: unknown
at org.openqa.selenium.support.ui.Select.setSelectedByIndex(Select.java:297)
at org.openqa.selenium.support.ui.Select.selectByIndex(Select.java:172)
at skwolladmin.testcases.TestcasesAdmin.skwollImageAddImage(TestcasesAdmin.java:574)
at java.base/jdk.internal.reflect.NativeMethodAccessorImpl.invoke0(Native Method)
at java.base/jdk.internal.reflect.NativeMethodAccessorImpl.invoke(Unknown Source)
at java.base/jdk.internal.reflect.DelegatingMethodAccessorImpl.invoke(Unknown Source)
at java.base/java.lang.reflect.Method.invoke(Unknown Source)
at org.testng.internal.MethodInvocationHelper.invokeMethod(MethodInvocationHelper.java:124)
at org.testng.internal.Invoker.invokeMethod(Invoker.java:583)
at org.testng.internal.Invoker.invokeTestMethod(Invoker.java:719)
at org.testng.internal.Invoker.invokeTestMethods(Invoker.java:989)
at org.testng.internal.TestMethodWorker.invokeTestMethods(TestMethodWorker.java:125)
at org.testng.internal.TestMethodWorker.run(TestMethodWorker.java:109)
at org.testng.TestRunner.privateRun(TestRunner.java:648)
at org.testng.TestRunner.run(TestRunner.java:505)
at org.testng.SuiteRunner.runTest(SuiteRunner.java:455)
at org.testng.SuiteRunner.runSequentially(SuiteRunner.java:450)
at org.testng.SuiteRunner.privateRun(SuiteRunner.java:415)
at org.testng.SuiteRunner.run(SuiteRunner.java:364)
at org.testng.SuiteRunnerWorker.runSuite(SuiteRunnerWorker.java:52)
at org.testng.SuiteRunnerWorker.run(SuiteRunnerWorker.java:84)
at org.testng.TestNG.runSuitesSequentially(TestNG.java:1208)
at org.testng.TestNG.runSuitesLocally(TestNG.java:1137)
at org.testng.TestNG.runSuites(TestNG.java:1049)
at org.testng.TestNG.run(TestNG.java:1017)
at org.testng.remote.AbstractRemoteTestNG.run(AbstractRemoteTestNG.java:115)
at org.testng.remote.RemoteTestNG.initAndRun(RemoteTestNG.java:251)
at org.testng.remote.RemoteTestNG.main(RemoteTestNG.java:77)
]]>
            </full-stacktrace>
          </exception> <!-- org.openqa.selenium.NoSuchElementException -->
          <reporter-output>
          </reporter-output>
        </test-method> <!-- skwollImageAddImage -->
        <test-method is-config="true" signature="skwollLO()[pri:0, instance:skwolladmin.testcases.TestcasesAdmin@f2ff811]" started-at="2019-08-22T07:16:11Z" name="skwollLO" finished-at="2019-08-22T07:16:14Z" duration-ms="3302" status="PASS">
          <reporter-output>
          </reporter-output>
        </test-method> <!-- skwollLO -->
        <test-method is-config="true" signature="skwollLN()[pri:0, instance:skwolladmin.testcases.TestcasesAdmin@f2ff811]" started-at="2019-08-22T07:16:14Z" name="skwollLN" finished-at="2019-08-22T07:16:17Z" duration-ms="2576" status="PASS">
          <reporter-output>
          </reporter-output>
        </test-method> <!-- skwollLN -->
        <test-method signature="skwollImageAddSubCategory()[pri:0, instance:skwolladmin.testcases.TestcasesAdmin@f2ff811]" started-at="2019-08-22T07:16:17Z" name="skwollImageAddSubCategory" finished-at="2019-08-22T07:16:19Z" duration-ms="2328" status="FAIL">
          <exception class="org.openqa.selenium.ElementNotInteractableException">
            <message>
              <![CDATA[Element <a href="http://dreamsdev.website/skwoll/dashboard/admin/product/subcategory-list"> could not be scrolled into view
Build info: version: '3.141.59', revision: 'e82be7d358', time: '2018-11-14T08:25:48'
System info: host: 'DREAMS-PC', ip: '192.168.1.38', os.name: 'Windows 7', os.arch: 'amd64', os.version: '6.1', java.version: '9.0.4'
Driver info: org.openqa.selenium.firefox.FirefoxDriver
Capabilities {acceptInsecureCerts: true, browserName: firefox, browserVersion: 68.0.1, javascriptEnabled: true, moz:accessibilityChecks: false, moz:buildID: 20190717172542, moz:geckodriverVersion: 0.24.0, moz:headless: false, moz:processID: 272, moz:profile: C:\Users\DREAMS\AppData\Loc..., moz:shutdownTimeout: 60000, moz:useNonSpecCompliantPointerOrigin: false, moz:webdriverClick: true, pageLoadStrategy: normal, platform: WINDOWS, platformName: WINDOWS, platformVersion: 6.1, rotatable: false, setWindowRect: true, strictFileInteractability: false, timeouts: {implicit: 0, pageLoad: 300000, script: 30000}, unhandledPromptBehavior: dismiss and notify}
Session ID: f7320e4d-9f14-4c37-9ddf-729388fe23f2]]>
            </message>
            <full-stacktrace>
              <![CDATA[org.openqa.selenium.ElementNotInteractableException: Element <a href="http://dreamsdev.website/skwoll/dashboard/admin/product/subcategory-list"> could not be scrolled into view
Build info: version: '3.141.59', revision: 'e82be7d358', time: '2018-11-14T08:25:48'
System info: host: 'DREAMS-PC', ip: '192.168.1.38', os.name: 'Windows 7', os.arch: 'amd64', os.version: '6.1', java.version: '9.0.4'
Driver info: org.openqa.selenium.firefox.FirefoxDriver
Capabilities {acceptInsecureCerts: true, browserName: firefox, browserVersion: 68.0.1, javascriptEnabled: true, moz:accessibilityChecks: false, moz:buildID: 20190717172542, moz:geckodriverVersion: 0.24.0, moz:headless: false, moz:processID: 272, moz:profile: C:\Users\DREAMS\AppData\Loc..., moz:shutdownTimeout: 60000, moz:useNonSpecCompliantPointerOrigin: false, moz:webdriverClick: true, pageLoadStrategy: normal, platform: WINDOWS, platformName: WINDOWS, platformVersion: 6.1, rotatable: false, setWindowRect: true, strictFileInteractability: false, timeouts: {implicit: 0, pageLoad: 300000, script: 30000}, unhandledPromptBehavior: dismiss and notify}
Session ID: f7320e4d-9f14-4c37-9ddf-729388fe23f2
at java.base/jdk.internal.reflect.NativeConstructorAccessorImpl.newInstance0(Native Method)
at java.base/jdk.internal.reflect.NativeConstructorAccessorImpl.newInstance(Unknown Source)
at java.base/jdk.internal.reflect.DelegatingConstructorAccessorImpl.newInstance(Unknown Source)
at java.base/java.lang.reflect.Constructor.newInstance(Unknown Source)
at org.openqa.selenium.remote.http.W3CHttpResponseCodec.createException(W3CHttpResponseCodec.java:187)
at org.openqa.selenium.remote.http.W3CHttpResponseCodec.decode(W3CHttpResponseCodec.java:122)
at org.openqa.selenium.remote.http.W3CHttpResponseCodec.decode(W3CHttpResponseCodec.java:49)
at org.openqa.selenium.remote.HttpCommandExecutor.execute(HttpCommandExecutor.java:158)
at org.openqa.selenium.remote.service.DriverCommandExecutor.execute(DriverCommandExecutor.java:83)
at org.openqa.selenium.remote.RemoteWebDriver.execute(RemoteWebDriver.java:552)
at org.openqa.selenium.remote.RemoteWebElement.execute(RemoteWebElement.java:285)
at org.openqa.selenium.remote.RemoteWebElement.click(RemoteWebElement.java:84)
at skwolladmin.testcases.TestcasesAdmin.skwollImageAddSubCategory(TestcasesAdmin.java:549)
at java.base/jdk.internal.reflect.NativeMethodAccessorImpl.invoke0(Native Method)
at java.base/jdk.internal.reflect.NativeMethodAccessorImpl.invoke(Unknown Source)
at java.base/jdk.internal.reflect.DelegatingMethodAccessorImpl.invoke(Unknown Source)
at java.base/java.lang.reflect.Method.invoke(Unknown Source)
at org.testng.internal.MethodInvocationHelper.invokeMethod(MethodInvocationHelper.java:124)
at org.testng.internal.Invoker.invokeMethod(Invoker.java:583)
at org.testng.internal.Invoker.invokeTestMethod(Invoker.java:719)
at org.testng.internal.Invoker.invokeTestMethods(Invoker.java:989)
at org.testng.internal.TestMethodWorker.invokeTestMethods(TestMethodWorker.java:125)
at org.testng.internal.TestMethodWorker.run(TestMethodWorker.java:109)
at org.testng.TestRunner.privateRun(TestRunner.java:648)
at org.testng.TestRunner.run(TestRunner.java:505)
at org.testng.SuiteRunner.runTest(SuiteRunner.java:455)
at org.testng.SuiteRunner.runSequentially(SuiteRunner.java:450)
at org.testng.SuiteRunner.privateRun(SuiteRunner.java:415)
at org.testng.SuiteRunner.run(SuiteRunner.java:364)
at org.testng.SuiteRunnerWorker.runSuite(SuiteRunnerWorker.java:52)
at org.testng.SuiteRunnerWorker.run(SuiteRunnerWorker.java:84)
at org.testng.TestNG.runSuitesSequentially(TestNG.java:1208)
at org.testng.TestNG.runSuitesLocally(TestNG.java:1137)
at org.testng.TestNG.runSuites(TestNG.java:1049)
at org.testng.TestNG.run(TestNG.java:1017)
at org.testng.remote.AbstractRemoteTestNG.run(AbstractRemoteTestNG.java:115)
at org.testng.remote.RemoteTestNG.initAndRun(RemoteTestNG.java:251)
at org.testng.remote.RemoteTestNG.main(RemoteTestNG.java:77)
]]>
            </full-stacktrace>
          </exception> <!-- org.openqa.selenium.ElementNotInteractableException -->
          <reporter-output>
          </reporter-output>
        </test-method> <!-- skwollImageAddSubCategory -->
        <test-method is-config="true" signature="skwollLO()[pri:0, instance:skwolladmin.testcases.TestcasesAdmin@f2ff811]" started-at="2019-08-22T07:16:19Z" name="skwollLO" finished-at="2019-08-22T07:16:22Z" duration-ms="3252" status="PASS">
          <reporter-output>
          </reporter-output>
        </test-method> <!-- skwollLO -->
        <test-method is-config="true" signature="skwollLN()[pri:0, instance:skwolladmin.testcases.TestcasesAdmin@f2ff811]" started-at="2019-08-22T07:16:22Z" name="skwollLN" finished-at="2019-08-22T07:16:27Z" duration-ms="4797" status="PASS">
          <reporter-output>
          </reporter-output>
        </test-method> <!-- skwollLN -->
        <test-method signature="skwollImageCategoryList()[pri:0, instance:skwolladmin.testcases.TestcasesAdmin@f2ff811]" started-at="2019-08-22T07:16:27Z" name="skwollImageCategoryList" finished-at="2019-08-22T07:16:29Z" duration-ms="2348" status="FAIL">
          <exception class="org.openqa.selenium.ElementNotInteractableException">
            <message>
              <![CDATA[Element <a href="http://dreamsdev.website/skwoll/dashboard/admin/product/subcategory-list"> could not be scrolled into view
Build info: version: '3.141.59', revision: 'e82be7d358', time: '2018-11-14T08:25:48'
System info: host: 'DREAMS-PC', ip: '192.168.1.38', os.name: 'Windows 7', os.arch: 'amd64', os.version: '6.1', java.version: '9.0.4'
Driver info: org.openqa.selenium.firefox.FirefoxDriver
Capabilities {acceptInsecureCerts: true, browserName: firefox, browserVersion: 68.0.1, javascriptEnabled: true, moz:accessibilityChecks: false, moz:buildID: 20190717172542, moz:geckodriverVersion: 0.24.0, moz:headless: false, moz:processID: 272, moz:profile: C:\Users\DREAMS\AppData\Loc..., moz:shutdownTimeout: 60000, moz:useNonSpecCompliantPointerOrigin: false, moz:webdriverClick: true, pageLoadStrategy: normal, platform: WINDOWS, platformName: WINDOWS, platformVersion: 6.1, rotatable: false, setWindowRect: true, strictFileInteractability: false, timeouts: {implicit: 0, pageLoad: 300000, script: 30000}, unhandledPromptBehavior: dismiss and notify}
Session ID: f7320e4d-9f14-4c37-9ddf-729388fe23f2]]>
            </message>
            <full-stacktrace>
              <![CDATA[org.openqa.selenium.ElementNotInteractableException: Element <a href="http://dreamsdev.website/skwoll/dashboard/admin/product/subcategory-list"> could not be scrolled into view
Build info: version: '3.141.59', revision: 'e82be7d358', time: '2018-11-14T08:25:48'
System info: host: 'DREAMS-PC', ip: '192.168.1.38', os.name: 'Windows 7', os.arch: 'amd64', os.version: '6.1', java.version: '9.0.4'
Driver info: org.openqa.selenium.firefox.FirefoxDriver
Capabilities {acceptInsecureCerts: true, browserName: firefox, browserVersion: 68.0.1, javascriptEnabled: true, moz:accessibilityChecks: false, moz:buildID: 20190717172542, moz:geckodriverVersion: 0.24.0, moz:headless: false, moz:processID: 272, moz:profile: C:\Users\DREAMS\AppData\Loc..., moz:shutdownTimeout: 60000, moz:useNonSpecCompliantPointerOrigin: false, moz:webdriverClick: true, pageLoadStrategy: normal, platform: WINDOWS, platformName: WINDOWS, platformVersion: 6.1, rotatable: false, setWindowRect: true, strictFileInteractability: false, timeouts: {implicit: 0, pageLoad: 300000, script: 30000}, unhandledPromptBehavior: dismiss and notify}
Session ID: f7320e4d-9f14-4c37-9ddf-729388fe23f2
at java.base/jdk.internal.reflect.NativeConstructorAccessorImpl.newInstance0(Native Method)
at java.base/jdk.internal.reflect.NativeConstructorAccessorImpl.newInstance(Unknown Source)
at java.base/jdk.internal.reflect.DelegatingConstructorAccessorImpl.newInstance(Unknown Source)
at java.base/java.lang.reflect.Constructor.newInstance(Unknown Source)
at org.openqa.selenium.remote.http.W3CHttpResponseCodec.createException(W3CHttpResponseCodec.java:187)
at org.openqa.selenium.remote.http.W3CHttpResponseCodec.decode(W3CHttpResponseCodec.java:122)
at org.openqa.selenium.remote.http.W3CHttpResponseCodec.decode(W3CHttpResponseCodec.java:49)
at org.openqa.selenium.remote.HttpCommandExecutor.execute(HttpCommandExecutor.java:158)
at org.openqa.selenium.remote.service.DriverCommandExecutor.execute(DriverCommandExecutor.java:83)
at org.openqa.selenium.remote.RemoteWebDriver.execute(RemoteWebDriver.java:552)
at org.openqa.selenium.remote.RemoteWebElement.execute(RemoteWebElement.java:285)
at org.openqa.selenium.remote.RemoteWebElement.click(RemoteWebElement.java:84)
at skwolladmin.testcases.TestcasesAdmin.skwollImageCategoryList(TestcasesAdmin.java:540)
at java.base/jdk.internal.reflect.NativeMethodAccessorImpl.invoke0(Native Method)
at java.base/jdk.internal.reflect.NativeMethodAccessorImpl.invoke(Unknown Source)
at java.base/jdk.internal.reflect.DelegatingMethodAccessorImpl.invoke(Unknown Source)
at java.base/java.lang.reflect.Method.invoke(Unknown Source)
at org.testng.internal.MethodInvocationHelper.invokeMethod(MethodInvocationHelper.java:124)
at org.testng.internal.Invoker.invokeMethod(Invoker.java:583)
at org.testng.internal.Invoker.invokeTestMethod(Invoker.java:719)
at org.testng.internal.Invoker.invokeTestMethods(Invoker.java:989)
at org.testng.internal.TestMethodWorker.invokeTestMethods(TestMethodWorker.java:125)
at org.testng.internal.TestMethodWorker.run(TestMethodWorker.java:109)
at org.testng.TestRunner.privateRun(TestRunner.java:648)
at org.testng.TestRunner.run(TestRunner.java:505)
at org.testng.SuiteRunner.runTest(SuiteRunner.java:455)
at org.testng.SuiteRunner.runSequentially(SuiteRunner.java:450)
at org.testng.SuiteRunner.privateRun(SuiteRunner.java:415)
at org.testng.SuiteRunner.run(SuiteRunner.java:364)
at org.testng.SuiteRunnerWorker.runSuite(SuiteRunnerWorker.java:52)
at org.testng.SuiteRunnerWorker.run(SuiteRunnerWorker.java:84)
at org.testng.TestNG.runSuitesSequentially(TestNG.java:1208)
at org.testng.TestNG.runSuitesLocally(TestNG.java:1137)
at org.testng.TestNG.runSuites(TestNG.java:1049)
at org.testng.TestNG.run(TestNG.java:1017)
at org.testng.remote.AbstractRemoteTestNG.run(AbstractRemoteTestNG.java:115)
at org.testng.remote.RemoteTestNG.initAndRun(RemoteTestNG.java:251)
at org.testng.remote.RemoteTestNG.main(RemoteTestNG.java:77)
]]>
            </full-stacktrace>
          </exception> <!-- org.openqa.selenium.ElementNotInteractableException -->
          <reporter-output>
          </reporter-output>
        </test-method> <!-- skwollImageCategoryList -->
        <test-method is-config="true" signature="skwollLO()[pri:0, instance:skwolladmin.testcases.TestcasesAdmin@f2ff811]" started-at="2019-08-22T07:16:29Z" name="skwollLO" finished-at="2019-08-22T07:16:33Z" duration-ms="3265" status="PASS">
          <reporter-output>
          </reporter-output>
        </test-method> <!-- skwollLO -->
        <test-method is-config="true" signature="skwollLN()[pri:0, instance:skwolladmin.testcases.TestcasesAdmin@f2ff811]" started-at="2019-08-22T07:16:33Z" name="skwollLN" finished-at="2019-08-22T07:16:38Z" duration-ms="5357" status="PASS">
          <reporter-output>
          </reporter-output>
        </test-method> <!-- skwollLN -->
        <test-method signature="skwollImageList()[pri:0, instance:skwolladmin.testcases.TestcasesAdmin@f2ff811]" started-at="2019-08-22T07:16:38Z" name="skwollImageList" finished-at="2019-08-22T07:16:43Z" duration-ms="4715" status="PASS">
          <reporter-output>
          </reporter-output>
        </test-method> <!-- skwollImageList -->
        <test-method is-config="true" signature="skwollLO()[pri:0, instance:skwolladmin.testcases.TestcasesAdmin@f2ff811]" started-at="2019-08-22T07:16:43Z" name="skwollLO" finished-at="2019-08-22T07:16:46Z" duration-ms="3659" status="PASS">
          <reporter-output>
          </reporter-output>
        </test-method> <!-- skwollLO -->
        <test-method is-config="true" signature="skwollLN()[pri:0, instance:skwolladmin.testcases.TestcasesAdmin@f2ff811]" started-at="2019-08-22T07:16:46Z" name="skwollLN" finished-at="2019-08-22T07:16:49Z" duration-ms="2271" status="PASS">
          <reporter-output>
          </reporter-output>
        </test-method> <!-- skwollLN -->
        <test-method signature="skwollImageSubCategoryList()[pri:0, instance:skwolladmin.testcases.TestcasesAdmin@f2ff811]" started-at="2019-08-22T07:16:49Z" name="skwollImageSubCategoryList" finished-at="2019-08-22T07:16:51Z" duration-ms="2346" status="FAIL">
          <exception class="org.openqa.selenium.ElementNotInteractableException">
            <message>
              <![CDATA[Element <a href="http://dreamsdev.website/skwoll/dashboard/admin/product/subcategoryitem-list"> could not be scrolled into view
Build info: version: '3.141.59', revision: 'e82be7d358', time: '2018-11-14T08:25:48'
System info: host: 'DREAMS-PC', ip: '192.168.1.38', os.name: 'Windows 7', os.arch: 'amd64', os.version: '6.1', java.version: '9.0.4'
Driver info: org.openqa.selenium.firefox.FirefoxDriver
Capabilities {acceptInsecureCerts: true, browserName: firefox, browserVersion: 68.0.1, javascriptEnabled: true, moz:accessibilityChecks: false, moz:buildID: 20190717172542, moz:geckodriverVersion: 0.24.0, moz:headless: false, moz:processID: 272, moz:profile: C:\Users\DREAMS\AppData\Loc..., moz:shutdownTimeout: 60000, moz:useNonSpecCompliantPointerOrigin: false, moz:webdriverClick: true, pageLoadStrategy: normal, platform: WINDOWS, platformName: WINDOWS, platformVersion: 6.1, rotatable: false, setWindowRect: true, strictFileInteractability: false, timeouts: {implicit: 0, pageLoad: 300000, script: 30000}, unhandledPromptBehavior: dismiss and notify}
Session ID: f7320e4d-9f14-4c37-9ddf-729388fe23f2]]>
            </message>
            <full-stacktrace>
              <![CDATA[org.openqa.selenium.ElementNotInteractableException: Element <a href="http://dreamsdev.website/skwoll/dashboard/admin/product/subcategoryitem-list"> could not be scrolled into view
Build info: version: '3.141.59', revision: 'e82be7d358', time: '2018-11-14T08:25:48'
System info: host: 'DREAMS-PC', ip: '192.168.1.38', os.name: 'Windows 7', os.arch: 'amd64', os.version: '6.1', java.version: '9.0.4'
Driver info: org.openqa.selenium.firefox.FirefoxDriver
Capabilities {acceptInsecureCerts: true, browserName: firefox, browserVersion: 68.0.1, javascriptEnabled: true, moz:accessibilityChecks: false, moz:buildID: 20190717172542, moz:geckodriverVersion: 0.24.0, moz:headless: false, moz:processID: 272, moz:profile: C:\Users\DREAMS\AppData\Loc..., moz:shutdownTimeout: 60000, moz:useNonSpecCompliantPointerOrigin: false, moz:webdriverClick: true, pageLoadStrategy: normal, platform: WINDOWS, platformName: WINDOWS, platformVersion: 6.1, rotatable: false, setWindowRect: true, strictFileInteractability: false, timeouts: {implicit: 0, pageLoad: 300000, script: 30000}, unhandledPromptBehavior: dismiss and notify}
Session ID: f7320e4d-9f14-4c37-9ddf-729388fe23f2
at java.base/jdk.internal.reflect.NativeConstructorAccessorImpl.newInstance0(Native Method)
at java.base/jdk.internal.reflect.NativeConstructorAccessorImpl.newInstance(Unknown Source)
at java.base/jdk.internal.reflect.DelegatingConstructorAccessorImpl.newInstance(Unknown Source)
at java.base/java.lang.reflect.Constructor.newInstance(Unknown Source)
at org.openqa.selenium.remote.http.W3CHttpResponseCodec.createException(W3CHttpResponseCodec.java:187)
at org.openqa.selenium.remote.http.W3CHttpResponseCodec.decode(W3CHttpResponseCodec.java:122)
at org.openqa.selenium.remote.http.W3CHttpResponseCodec.decode(W3CHttpResponseCodec.java:49)
at org.openqa.selenium.remote.HttpCommandExecutor.execute(HttpCommandExecutor.java:158)
at org.openqa.selenium.remote.service.DriverCommandExecutor.execute(DriverCommandExecutor.java:83)
at org.openqa.selenium.remote.RemoteWebDriver.execute(RemoteWebDriver.java:552)
at org.openqa.selenium.remote.RemoteWebElement.execute(RemoteWebElement.java:285)
at org.openqa.selenium.remote.RemoteWebElement.click(RemoteWebElement.java:84)
at skwolladmin.testcases.TestcasesAdmin.skwollImageSubCategoryList(TestcasesAdmin.java:561)
at java.base/jdk.internal.reflect.NativeMethodAccessorImpl.invoke0(Native Method)
at java.base/jdk.internal.reflect.NativeMethodAccessorImpl.invoke(Unknown Source)
at java.base/jdk.internal.reflect.DelegatingMethodAccessorImpl.invoke(Unknown Source)
at java.base/java.lang.reflect.Method.invoke(Unknown Source)
at org.testng.internal.MethodInvocationHelper.invokeMethod(MethodInvocationHelper.java:124)
at org.testng.internal.Invoker.invokeMethod(Invoker.java:583)
at org.testng.internal.Invoker.invokeTestMethod(Invoker.java:719)
at org.testng.internal.Invoker.invokeTestMethods(Invoker.java:989)
at org.testng.internal.TestMethodWorker.invokeTestMethods(TestMethodWorker.java:125)
at org.testng.internal.TestMethodWorker.run(TestMethodWorker.java:109)
at org.testng.TestRunner.privateRun(TestRunner.java:648)
at org.testng.TestRunner.run(TestRunner.java:505)
at org.testng.SuiteRunner.runTest(SuiteRunner.java:455)
at org.testng.SuiteRunner.runSequentially(SuiteRunner.java:450)
at org.testng.SuiteRunner.privateRun(SuiteRunner.java:415)
at org.testng.SuiteRunner.run(SuiteRunner.java:364)
at org.testng.SuiteRunnerWorker.runSuite(SuiteRunnerWorker.java:52)
at org.testng.SuiteRunnerWorker.run(SuiteRunnerWorker.java:84)
at org.testng.TestNG.runSuitesSequentially(TestNG.java:1208)
at org.testng.TestNG.runSuitesLocally(TestNG.java:1137)
at org.testng.TestNG.runSuites(TestNG.java:1049)
at org.testng.TestNG.run(TestNG.java:1017)
at org.testng.remote.AbstractRemoteTestNG.run(AbstractRemoteTestNG.java:115)
at org.testng.remote.RemoteTestNG.initAndRun(RemoteTestNG.java:251)
at org.testng.remote.RemoteTestNG.main(RemoteTestNG.java:77)
]]>
            </full-stacktrace>
          </exception> <!-- org.openqa.selenium.ElementNotInteractableException -->
          <reporter-output>
          </reporter-output>
        </test-method> <!-- skwollImageSubCategoryList -->
        <test-method is-config="true" signature="skwollLO()[pri:0, instance:skwolladmin.testcases.TestcasesAdmin@f2ff811]" started-at="2019-08-22T07:16:51Z" name="skwollLO" finished-at="2019-08-22T07:16:54Z" duration-ms="3318" status="PASS">
          <reporter-output>
          </reporter-output>
        </test-method> <!-- skwollLO -->
        <test-method is-config="true" signature="skwollLN()[pri:0, instance:skwolladmin.testcases.TestcasesAdmin@f2ff811]" started-at="2019-08-22T07:16:54Z" name="skwollLN" finished-at="2019-08-22T07:16:57Z" duration-ms="2318" status="PASS">
          <reporter-output>
          </reporter-output>
        </test-method> <!-- skwollLN -->
        <test-method signature="stripeAddMoney()[pri:0, instance:skwolladmin.testcases.TestcasesAdmin@f2ff811]" started-at="2019-08-22T07:16:57Z" name="stripeAddMoney" finished-at="2019-08-22T07:17:01Z" duration-ms="4465" status="PASS">
          <reporter-output>
          </reporter-output>
        </test-method> <!-- stripeAddMoney -->
        <test-method is-config="true" signature="skwollLO()[pri:0, instance:skwolladmin.testcases.TestcasesAdmin@f2ff811]" started-at="2019-08-22T07:17:01Z" name="skwollLO" finished-at="2019-08-22T07:17:04Z" duration-ms="3177" status="PASS">
          <reporter-output>
          </reporter-output>
        </test-method> <!-- skwollLO -->
        <test-method is-config="true" signature="skwollLN()[pri:0, instance:skwolladmin.testcases.TestcasesAdmin@f2ff811]" started-at="2019-08-22T07:17:04Z" name="skwollLN" finished-at="2019-08-22T07:17:08Z" duration-ms="3839" status="PASS">
          <reporter-output>
          </reporter-output>
        </test-method> <!-- skwollLN -->
        <test-method signature="subscription()[pri:0, instance:skwolladmin.testcases.TestcasesAdmin@f2ff811]" started-at="2019-08-22T07:17:08Z" name="subscription" finished-at="2019-08-22T07:17:13Z" duration-ms="4650" status="PASS">
          <reporter-output>
          </reporter-output>
        </test-method> <!-- subscription -->
        <test-method is-config="true" signature="skwollLO()[pri:0, instance:skwolladmin.testcases.TestcasesAdmin@f2ff811]" started-at="2019-08-22T07:17:13Z" name="skwollLO" finished-at="2019-08-22T07:17:16Z" duration-ms="3277" status="PASS">
          <reporter-output>
          </reporter-output>
        </test-method> <!-- skwollLO -->
        <test-method is-config="true" signature="skwollLN()[pri:0, instance:skwolladmin.testcases.TestcasesAdmin@f2ff811]" started-at="2019-08-22T07:17:16Z" name="skwollLN" finished-at="2019-08-22T07:17:19Z" duration-ms="2851" status="PASS">
          <reporter-output>
          </reporter-output>
        </test-method> <!-- skwollLN -->
        <test-method signature="userfeedback()[pri:0, instance:skwolladmin.testcases.TestcasesAdmin@f2ff811]" started-at="2019-08-22T07:17:19Z" name="userfeedback" finished-at="2019-08-22T07:17:23Z" duration-ms="3570" status="PASS">
          <reporter-output>
          </reporter-output>
        </test-method> <!-- userfeedback -->
        <test-method is-config="true" signature="skwollLO()[pri:0, instance:skwolladmin.testcases.TestcasesAdmin@f2ff811]" started-at="2019-08-22T07:17:23Z" name="skwollLO" finished-at="2019-08-22T07:17:26Z" duration-ms="3398" status="PASS">
          <reporter-output>
          </reporter-output>
        </test-method> <!-- skwollLO -->
        <test-method is-config="true" signature="skwollLN()[pri:0, instance:skwolladmin.testcases.TestcasesAdmin@f2ff811]" started-at="2019-08-22T07:17:26Z" name="skwollLN" finished-at="2019-08-22T07:17:30Z" duration-ms="3883" status="PASS">
          <reporter-output>
          </reporter-output>
        </test-method> <!-- skwollLN -->
        <test-method signature="usersAddUsers()[pri:0, instance:skwolladmin.testcases.TestcasesAdmin@f2ff811]" started-at="2019-08-22T07:17:30Z" name="usersAddUsers" finished-at="2019-08-22T07:17:33Z" duration-ms="3100" status="PASS">
          <reporter-output>
          </reporter-output>
        </test-method> <!-- usersAddUsers -->
        <test-method is-config="true" signature="skwollLO()[pri:0, instance:skwolladmin.testcases.TestcasesAdmin@f2ff811]" started-at="2019-08-22T07:17:33Z" name="skwollLO" finished-at="2019-08-22T07:17:37Z" duration-ms="4145" status="PASS">
          <reporter-output>
          </reporter-output>
        </test-method> <!-- skwollLO -->
        <test-method is-config="true" signature="skwollLN()[pri:0, instance:skwolladmin.testcases.TestcasesAdmin@f2ff811]" started-at="2019-08-22T07:17:37Z" name="skwollLN" finished-at="2019-08-22T07:17:40Z" duration-ms="3091" status="PASS">
          <reporter-output>
          </reporter-output>
        </test-method> <!-- skwollLN -->
        <test-method signature="usersBlockedUserList()[pri:0, instance:skwolladmin.testcases.TestcasesAdmin@f2ff811]" started-at="2019-08-22T07:17:40Z" name="usersBlockedUserList" finished-at="2019-08-22T07:17:42Z" duration-ms="1585" status="PASS">
          <reporter-output>
          </reporter-output>
        </test-method> <!-- usersBlockedUserList -->
        <test-method is-config="true" signature="skwollLO()[pri:0, instance:skwolladmin.testcases.TestcasesAdmin@f2ff811]" started-at="2019-08-22T07:17:42Z" name="skwollLO" finished-at="2019-08-22T07:17:45Z" duration-ms="3325" status="PASS">
          <reporter-output>
          </reporter-output>
        </test-method> <!-- skwollLO -->
        <test-method is-config="true" signature="skwollLN()[pri:0, instance:skwolladmin.testcases.TestcasesAdmin@f2ff811]" started-at="2019-08-22T07:17:45Z" name="skwollLN" finished-at="2019-08-22T07:17:48Z" duration-ms="2951" status="PASS">
          <reporter-output>
          </reporter-output>
        </test-method> <!-- skwollLN -->
        <test-method signature="usersEnquiryList()[pri:0, instance:skwolladmin.testcases.TestcasesAdmin@f2ff811]" started-at="2019-08-22T07:17:48Z" name="usersEnquiryList" finished-at="2019-08-22T07:17:50Z" duration-ms="1719" status="PASS">
          <reporter-output>
          </reporter-output>
        </test-method> <!-- usersEnquiryList -->
        <test-method is-config="true" signature="skwollLO()[pri:0, instance:skwolladmin.testcases.TestcasesAdmin@f2ff811]" started-at="2019-08-22T07:17:50Z" name="skwollLO" finished-at="2019-08-22T07:17:53Z" duration-ms="3210" status="PASS">
          <reporter-output>
          </reporter-output>
        </test-method> <!-- skwollLO -->
        <test-method is-config="true" signature="skwollLN()[pri:0, instance:skwolladmin.testcases.TestcasesAdmin@f2ff811]" started-at="2019-08-22T07:17:53Z" name="skwollLN" finished-at="2019-08-22T07:17:56Z" duration-ms="2689" status="PASS">
          <reporter-output>
          </reporter-output>
        </test-method> <!-- skwollLN -->
        <test-method signature="usersUserList()[pri:0, instance:skwolladmin.testcases.TestcasesAdmin@f2ff811]" started-at="2019-08-22T07:17:56Z" name="usersUserList" finished-at="2019-08-22T07:17:58Z" duration-ms="1883" status="PASS">
          <reporter-output>
          </reporter-output>
        </test-method> <!-- usersUserList -->
        <test-method is-config="true" signature="skwollLO()[pri:0, instance:skwolladmin.testcases.TestcasesAdmin@f2ff811]" started-at="2019-08-22T07:17:58Z" name="skwollLO" finished-at="2019-08-22T07:18:01Z" duration-ms="3232" status="PASS">
          <reporter-output>
          </reporter-output>
        </test-method> <!-- skwollLO -->
        <test-method is-config="true" signature="skwollLN()[pri:0, instance:skwolladmin.testcases.TestcasesAdmin@f2ff811]" started-at="2019-08-22T07:18:01Z" name="skwollLN" finished-at="2019-08-22T07:18:03Z" duration-ms="2299" status="PASS">
          <reporter-output>
          </reporter-output>
        </test-method> <!-- skwollLN -->
        <test-method signature="venuesAdd()[pri:0, instance:skwolladmin.testcases.TestcasesAdmin@f2ff811]" started-at="2019-08-22T07:18:03Z" name="venuesAdd" finished-at="2019-08-22T07:18:06Z" duration-ms="2907" status="FAIL">
          <exception class="org.openqa.selenium.InvalidArgumentException">
            <message>
              <![CDATA[Cannot click <input type=file> elements
Build info: version: '3.141.59', revision: 'e82be7d358', time: '2018-11-14T08:25:48'
System info: host: 'DREAMS-PC', ip: '192.168.1.38', os.name: 'Windows 7', os.arch: 'amd64', os.version: '6.1', java.version: '9.0.4'
Driver info: org.openqa.selenium.firefox.FirefoxDriver
Capabilities {acceptInsecureCerts: true, browserName: firefox, browserVersion: 68.0.1, javascriptEnabled: true, moz:accessibilityChecks: false, moz:buildID: 20190717172542, moz:geckodriverVersion: 0.24.0, moz:headless: false, moz:processID: 272, moz:profile: C:\Users\DREAMS\AppData\Loc..., moz:shutdownTimeout: 60000, moz:useNonSpecCompliantPointerOrigin: false, moz:webdriverClick: true, pageLoadStrategy: normal, platform: WINDOWS, platformName: WINDOWS, platformVersion: 6.1, rotatable: false, setWindowRect: true, strictFileInteractability: false, timeouts: {implicit: 0, pageLoad: 300000, script: 30000}, unhandledPromptBehavior: dismiss and notify}
Session ID: f7320e4d-9f14-4c37-9ddf-729388fe23f2]]>
            </message>
            <full-stacktrace>
              <![CDATA[org.openqa.selenium.InvalidArgumentException: Cannot click <input type=file> elements
Build info: version: '3.141.59', revision: 'e82be7d358', time: '2018-11-14T08:25:48'
System info: host: 'DREAMS-PC', ip: '192.168.1.38', os.name: 'Windows 7', os.arch: 'amd64', os.version: '6.1', java.version: '9.0.4'
Driver info: org.openqa.selenium.firefox.FirefoxDriver
Capabilities {acceptInsecureCerts: true, browserName: firefox, browserVersion: 68.0.1, javascriptEnabled: true, moz:accessibilityChecks: false, moz:buildID: 20190717172542, moz:geckodriverVersion: 0.24.0, moz:headless: false, moz:processID: 272, moz:profile: C:\Users\DREAMS\AppData\Loc..., moz:shutdownTimeout: 60000, moz:useNonSpecCompliantPointerOrigin: false, moz:webdriverClick: true, pageLoadStrategy: normal, platform: WINDOWS, platformName: WINDOWS, platformVersion: 6.1, rotatable: false, setWindowRect: true, strictFileInteractability: false, timeouts: {implicit: 0, pageLoad: 300000, script: 30000}, unhandledPromptBehavior: dismiss and notify}
Session ID: f7320e4d-9f14-4c37-9ddf-729388fe23f2
at java.base/jdk.internal.reflect.NativeConstructorAccessorImpl.newInstance0(Native Method)
at java.base/jdk.internal.reflect.NativeConstructorAccessorImpl.newInstance(Unknown Source)
at java.base/jdk.internal.reflect.DelegatingConstructorAccessorImpl.newInstance(Unknown Source)
at java.base/java.lang.reflect.Constructor.newInstance(Unknown Source)
at org.openqa.selenium.remote.http.W3CHttpResponseCodec.createException(W3CHttpResponseCodec.java:187)
at org.openqa.selenium.remote.http.W3CHttpResponseCodec.decode(W3CHttpResponseCodec.java:122)
at org.openqa.selenium.remote.http.W3CHttpResponseCodec.decode(W3CHttpResponseCodec.java:49)
at org.openqa.selenium.remote.HttpCommandExecutor.execute(HttpCommandExecutor.java:158)
at org.openqa.selenium.remote.service.DriverCommandExecutor.execute(DriverCommandExecutor.java:83)
at org.openqa.selenium.remote.RemoteWebDriver.execute(RemoteWebDriver.java:552)
at org.openqa.selenium.remote.RemoteWebElement.execute(RemoteWebElement.java:285)
at org.openqa.selenium.remote.RemoteWebElement.click(RemoteWebElement.java:84)
at skwolladmin.testcases.TestcasesAdmin.venuesAdd(TestcasesAdmin.java:185)
at java.base/jdk.internal.reflect.NativeMethodAccessorImpl.invoke0(Native Method)
at java.base/jdk.internal.reflect.NativeMethodAccessorImpl.invoke(Unknown Source)
at java.base/jdk.internal.reflect.DelegatingMethodAccessorImpl.invoke(Unknown Source)
at java.base/java.lang.reflect.Method.invoke(Unknown Source)
at org.testng.internal.MethodInvocationHelper.invokeMethod(MethodInvocationHelper.java:124)
at org.testng.internal.Invoker.invokeMethod(Invoker.java:583)
at org.testng.internal.Invoker.invokeTestMethod(Invoker.java:719)
at org.testng.internal.Invoker.invokeTestMethods(Invoker.java:989)
at org.testng.internal.TestMethodWorker.invokeTestMethods(TestMethodWorker.java:125)
at org.testng.internal.TestMethodWorker.run(TestMethodWorker.java:109)
at org.testng.TestRunner.privateRun(TestRunner.java:648)
at org.testng.TestRunner.run(TestRunner.java:505)
at org.testng.SuiteRunner.runTest(SuiteRunner.java:455)
at org.testng.SuiteRunner.runSequentially(SuiteRunner.java:450)
at org.testng.SuiteRunner.privateRun(SuiteRunner.java:415)
at org.testng.SuiteRunner.run(SuiteRunner.java:364)
at org.testng.SuiteRunnerWorker.runSuite(SuiteRunnerWorker.java:52)
at org.testng.SuiteRunnerWorker.run(SuiteRunnerWorker.java:84)
at org.testng.TestNG.runSuitesSequentially(TestNG.java:1208)
at org.testng.TestNG.runSuitesLocally(TestNG.java:1137)
at org.testng.TestNG.runSuites(TestNG.java:1049)
at org.testng.TestNG.run(TestNG.java:1017)
at org.testng.remote.AbstractRemoteTestNG.run(AbstractRemoteTestNG.java:115)
at org.testng.remote.RemoteTestNG.initAndRun(RemoteTestNG.java:251)
at org.testng.remote.RemoteTestNG.main(RemoteTestNG.java:77)
]]>
            </full-stacktrace>
          </exception> <!-- org.openqa.selenium.InvalidArgumentException -->
          <reporter-output>
          </reporter-output>
        </test-method> <!-- venuesAdd -->
        <test-method is-config="true" signature="skwollLO()[pri:0, instance:skwolladmin.testcases.TestcasesAdmin@f2ff811]" started-at="2019-08-22T07:18:06Z" name="skwollLO" finished-at="2019-08-22T07:18:09Z" duration-ms="3502" status="PASS">
          <reporter-output>
          </reporter-output>
        </test-method> <!-- skwollLO -->
        <test-method is-config="true" signature="skwollLN()[pri:0, instance:skwolladmin.testcases.TestcasesAdmin@f2ff811]" started-at="2019-08-22T07:18:09Z" name="skwollLN" finished-at="2019-08-22T07:18:12Z" duration-ms="2548" status="PASS">
          <reporter-output>
          </reporter-output>
        </test-method> <!-- skwollLN -->
        <test-method signature="venuesAddBartender()[pri:0, instance:skwolladmin.testcases.TestcasesAdmin@f2ff811]" started-at="2019-08-22T07:18:12Z" name="venuesAddBartender" finished-at="2019-08-22T07:18:14Z" duration-ms="2255" status="PASS">
          <reporter-output>
          </reporter-output>
        </test-method> <!-- venuesAddBartender -->
        <test-method is-config="true" signature="skwollLO()[pri:0, instance:skwolladmin.testcases.TestcasesAdmin@f2ff811]" started-at="2019-08-22T07:18:14Z" name="skwollLO" finished-at="2019-08-22T07:18:18Z" duration-ms="3420" status="PASS">
          <reporter-output>
          </reporter-output>
        </test-method> <!-- skwollLO -->
        <test-method is-config="true" signature="skwollLN()[pri:0, instance:skwolladmin.testcases.TestcasesAdmin@f2ff811]" started-at="2019-08-22T07:18:18Z" name="skwollLN" finished-at="2019-08-22T07:18:20Z" duration-ms="2439" status="PASS">
          <reporter-output>
          </reporter-output>
        </test-method> <!-- skwollLN -->
        <test-method signature="venuesBartender()[pri:0, instance:skwolladmin.testcases.TestcasesAdmin@f2ff811]" started-at="2019-08-22T07:18:20Z" name="venuesBartender" finished-at="2019-08-22T07:18:22Z" duration-ms="1662" status="PASS">
          <reporter-output>
          </reporter-output>
        </test-method> <!-- venuesBartender -->
        <test-method is-config="true" signature="skwollLO()[pri:0, instance:skwolladmin.testcases.TestcasesAdmin@f2ff811]" started-at="2019-08-22T07:18:22Z" name="skwollLO" finished-at="2019-08-22T07:18:25Z" duration-ms="3362" status="PASS">
          <reporter-output>
          </reporter-output>
        </test-method> <!-- skwollLO -->
        <test-method is-config="true" signature="skwollLN()[pri:0, instance:skwolladmin.testcases.TestcasesAdmin@f2ff811]" started-at="2019-08-22T07:18:25Z" name="skwollLN" finished-at="2019-08-22T07:18:27Z" duration-ms="2208" status="PASS">
          <reporter-output>
          </reporter-output>
        </test-method> <!-- skwollLN -->
        <test-method signature="venuesBlockedVenueList()[pri:0, instance:skwolladmin.testcases.TestcasesAdmin@f2ff811]" started-at="2019-08-22T07:18:27Z" name="venuesBlockedVenueList" finished-at="2019-08-22T07:18:29Z" duration-ms="1385" status="PASS">
          <reporter-output>
          </reporter-output>
        </test-method> <!-- venuesBlockedVenueList -->
        <test-method is-config="true" signature="skwollLO()[pri:0, instance:skwolladmin.testcases.TestcasesAdmin@f2ff811]" started-at="2019-08-22T07:18:29Z" name="skwollLO" finished-at="2019-08-22T07:18:32Z" duration-ms="3253" status="PASS">
          <reporter-output>
          </reporter-output>
        </test-method> <!-- skwollLO -->
        <test-method is-config="true" signature="skwollLN()[pri:0, instance:skwolladmin.testcases.TestcasesAdmin@f2ff811]" started-at="2019-08-22T07:18:32Z" name="skwollLN" finished-at="2019-08-22T07:18:34Z" duration-ms="2241" status="PASS">
          <reporter-output>
          </reporter-output>
        </test-method> <!-- skwollLN -->
        <test-method signature="venuesCategories()[pri:0, instance:skwolladmin.testcases.TestcasesAdmin@f2ff811]" started-at="2019-08-22T07:18:34Z" name="venuesCategories" finished-at="2019-08-22T07:18:39Z" duration-ms="4870" status="PASS">
          <reporter-output>
          </reporter-output>
        </test-method> <!-- venuesCategories -->
        <test-method is-config="true" signature="skwollLO()[pri:0, instance:skwolladmin.testcases.TestcasesAdmin@f2ff811]" started-at="2019-08-22T07:18:39Z" name="skwollLO" finished-at="2019-08-22T07:18:42Z" duration-ms="3269" status="PASS">
          <reporter-output>
          </reporter-output>
        </test-method> <!-- skwollLO -->
        <test-method is-config="true" signature="skwollLN()[pri:0, instance:skwolladmin.testcases.TestcasesAdmin@f2ff811]" started-at="2019-08-22T07:18:42Z" name="skwollLN" finished-at="2019-08-22T07:18:45Z" duration-ms="2232" status="PASS">
          <reporter-output>
          </reporter-output>
        </test-method> <!-- skwollLN -->
        <test-method signature="venuesList()[pri:0, instance:skwolladmin.testcases.TestcasesAdmin@f2ff811]" started-at="2019-08-22T07:18:45Z" name="venuesList" finished-at="2019-08-22T07:18:46Z" duration-ms="1487" status="PASS">
          <reporter-output>
          </reporter-output>
        </test-method> <!-- venuesList -->
        <test-method is-config="true" signature="skwollLO()[pri:0, instance:skwolladmin.testcases.TestcasesAdmin@f2ff811]" started-at="2019-08-22T07:18:46Z" name="skwollLO" finished-at="2019-08-22T07:18:49Z" duration-ms="3372" status="PASS">
          <reporter-output>
          </reporter-output>
        </test-method> <!-- skwollLO -->
        <test-method is-config="true" signature="skwollLN()[pri:0, instance:skwolladmin.testcases.TestcasesAdmin@f2ff811]" started-at="2019-08-22T07:18:49Z" name="skwollLN" finished-at="2019-08-22T07:18:52Z" duration-ms="2324" status="PASS">
          <reporter-output>
          </reporter-output>
        </test-method> <!-- skwollLN -->
        <test-method signature="venuesNewvenuerequests()[pri:0, instance:skwolladmin.testcases.TestcasesAdmin@f2ff811]" started-at="2019-08-22T07:18:52Z" name="venuesNewvenuerequests" finished-at="2019-08-22T07:18:53Z" duration-ms="1387" status="PASS">
          <reporter-output>
          </reporter-output>
        </test-method> <!-- venuesNewvenuerequests -->
        <test-method is-config="true" signature="skwollLO()[pri:0, instance:skwolladmin.testcases.TestcasesAdmin@f2ff811]" started-at="2019-08-22T07:18:53Z" name="skwollLO" finished-at="2019-08-22T07:18:56Z" duration-ms="3268" status="PASS">
          <reporter-output>
          </reporter-output>
        </test-method> <!-- skwollLO -->
        <test-method is-config="true" signature="skwollLN()[pri:0, instance:skwolladmin.testcases.TestcasesAdmin@f2ff811]" started-at="2019-08-22T07:18:56Z" name="skwollLN" finished-at="2019-08-22T07:18:59Z" duration-ms="2093" status="PASS">
          <reporter-output>
          </reporter-output>
        </test-method> <!-- skwollLN -->
        <test-method signature="welcomeDrink()[pri:0, instance:skwolladmin.testcases.TestcasesAdmin@f2ff811]" started-at="2019-08-22T07:18:59Z" name="welcomeDrink" finished-at="2019-08-22T07:19:02Z" duration-ms="3843" status="PASS">
          <reporter-output>
          </reporter-output>
        </test-method> <!-- welcomeDrink -->
        <test-method is-config="true" signature="skwollLO()[pri:0, instance:skwolladmin.testcases.TestcasesAdmin@f2ff811]" started-at="2019-08-22T07:19:02Z" name="skwollLO" finished-at="2019-08-22T07:19:08Z" duration-ms="5658" status="PASS">
          <reporter-output>
          </reporter-output>
        </test-method> <!-- skwollLO -->
        <test-method is-config="true" signature="skwollCB()[pri:0, instance:skwolladmin.testcases.TestcasesAdmin@f2ff811]" started-at="2019-08-22T07:19:08Z" name="skwollCB" finished-at="2019-08-22T07:19:11Z" duration-ms="2553" status="PASS">
          <reporter-output>
          </reporter-output>
        </test-method> <!-- skwollCB -->
      </class> <!-- skwolladmin.testcases.TestcasesAdmin -->
    </test> <!-- Default test -->
  </suite> <!-- Default suite -->
</testng-results>
