<?xml version="1.0" encoding="UTF-8"?>
<!-- Generated by org.testng.reporters.JUnitXMLReporter -->
<testsuite ignored="0" hostname="DREAMS-PC" failures="0" tests="15" name="Default test" time="71.76" errors="0" timestamp="29 Apr 2019 09:55:38 GMT">
  <testcase classname="com.skwoll.genericlib.BaseClass" name="@BeforeMethod skwollLN" time="6.966">
    <failure type="org.openqa.selenium.WebDriverException" message="chrome not reachable
  (Session info: chrome=73.0.3683.103)
  (Driver info: chromedriver=73.0.3683.68 (47787ec04b6e38e22703e856e101e840b65afe72),platform=Windows NT 6.1.7601 SP1 x86_64) (WARNING: The server did not provide any stacktrace information)
Command duration or timeout: 0 milliseconds
Build info: version: &amp;apos;3.141.59&amp;apos;, revision: &amp;apos;e82be7d358&amp;apos;, time: &amp;apos;2018-11-14T08:25:48&amp;apos;
System info: host: &amp;apos;DREAMS-PC&amp;apos;, ip: &amp;apos;192.168.1.94&amp;apos;, os.name: &amp;apos;Windows 7&amp;apos;, os.arch: &amp;apos;amd64&amp;apos;, os.version: &amp;apos;6.1&amp;apos;, java.version: &amp;apos;9.0.4&amp;apos;
Driver info: org.openqa.selenium.chrome.ChromeDriver
Capabilities {acceptInsecureCerts: false, acceptSslCerts: false, applicationCacheEnabled: false, browserConnectionEnabled: false, browserName: chrome, chrome: {chromedriverVersion: 73.0.3683.68 (47787ec04b6e3..., userDataDir: C:\Users\DREAMS\AppData\Loc...}, cssSelectorsEnabled: true, databaseEnabled: false, goog:chromeOptions: {debuggerAddress: localhost:50760}, handlesAlerts: true, hasTouchScreen: false, javascriptEnabled: true, locationContextEnabled: true, mobileEmulationEnabled: false, nativeEvents: true, networkConnectionEnabled: false, pageLoadStrategy: normal, platform: XP, platformName: XP, proxy: Proxy(), rotatable: false, setWindowRect: true, strictFileInteractability: false, takesHeapSnapshot: true, takesScreenshot: true, timeouts: {implicit: 0, pageLoad: 300000, script: 30000}, unexpectedAlertBehaviour: ignore, unhandledPromptBehavior: ignore, version: 73.0.3683.103, webStorageEnabled: true}
Session ID: 7d9d9b96bac6d059691a114658e8d745">
      <![CDATA[org.openqa.selenium.WebDriverException: chrome not reachable
  (Session info: chrome=73.0.3683.103)
  (Driver info: chromedriver=73.0.3683.68 (47787ec04b6e38e22703e856e101e840b65afe72),platform=Windows NT 6.1.7601 SP1 x86_64) (WARNING: The server did not provide any stacktrace information)
Command duration or timeout: 0 milliseconds
Build info: version: '3.141.59', revision: 'e82be7d358', time: '2018-11-14T08:25:48'
System info: host: 'DREAMS-PC', ip: '192.168.1.94', os.name: 'Windows 7', os.arch: 'amd64', os.version: '6.1', java.version: '9.0.4'
Driver info: org.openqa.selenium.chrome.ChromeDriver
Capabilities {acceptInsecureCerts: false, acceptSslCerts: false, applicationCacheEnabled: false, browserConnectionEnabled: false, browserName: chrome, chrome: {chromedriverVersion: 73.0.3683.68 (47787ec04b6e3..., userDataDir: C:\Users\DREAMS\AppData\Loc...}, cssSelectorsEnabled: true, databaseEnabled: false, goog:chromeOptions: {debuggerAddress: localhost:50760}, handlesAlerts: true, hasTouchScreen: false, javascriptEnabled: true, locationContextEnabled: true, mobileEmulationEnabled: false, nativeEvents: true, networkConnectionEnabled: false, pageLoadStrategy: normal, platform: XP, platformName: XP, proxy: Proxy(), rotatable: false, setWindowRect: true, strictFileInteractability: false, takesHeapSnapshot: true, takesScreenshot: true, timeouts: {implicit: 0, pageLoad: 300000, script: 30000}, unexpectedAlertBehaviour: ignore, unhandledPromptBehavior: ignore, version: 73.0.3683.103, webStorageEnabled: true}
Session ID: 7d9d9b96bac6d059691a114658e8d745
at java.base/jdk.internal.reflect.NativeConstructorAccessorImpl.newInstance0(Native Method)
at java.base/jdk.internal.reflect.NativeConstructorAccessorImpl.newInstance(Unknown Source)
at java.base/jdk.internal.reflect.DelegatingConstructorAccessorImpl.newInstance(Unknown Source)
at java.base/java.lang.reflect.Constructor.newInstance(Unknown Source)
at org.openqa.selenium.remote.ErrorHandler.createThrowable(ErrorHandler.java:214)
at org.openqa.selenium.remote.ErrorHandler.throwIfResponseFailed(ErrorHandler.java:166)
at org.openqa.selenium.remote.http.JsonHttpResponseCodec.reconstructValue(JsonHttpResponseCodec.java:40)
at org.openqa.selenium.remote.http.AbstractHttpResponseCodec.decode(AbstractHttpResponseCodec.java:80)
at org.openqa.selenium.remote.http.AbstractHttpResponseCodec.decode(AbstractHttpResponseCodec.java:44)
at org.openqa.selenium.remote.HttpCommandExecutor.execute(HttpCommandExecutor.java:158)
at org.openqa.selenium.remote.service.DriverCommandExecutor.execute(DriverCommandExecutor.java:83)
at org.openqa.selenium.remote.RemoteWebDriver.execute(RemoteWebDriver.java:552)
at org.openqa.selenium.remote.RemoteWebDriver.execute(RemoteWebDriver.java:609)
at org.openqa.selenium.remote.RemoteWebDriver.getTitle(RemoteWebDriver.java:281)
at com.skwoll.genericlib.BaseClass.skwollLN(BaseClass.java:49)
at java.base/jdk.internal.reflect.NativeMethodAccessorImpl.invoke0(Native Method)
at java.base/jdk.internal.reflect.NativeMethodAccessorImpl.invoke(Unknown Source)
at java.base/jdk.internal.reflect.DelegatingMethodAccessorImpl.invoke(Unknown Source)
at java.base/java.lang.reflect.Method.invoke(Unknown Source)
at org.testng.internal.MethodInvocationHelper.invokeMethod(MethodInvocationHelper.java:124)
at org.testng.internal.MethodInvocationHelper.invokeMethodConsideringTimeout(MethodInvocationHelper.java:59)
at org.testng.internal.Invoker.invokeConfigurationMethod(Invoker.java:458)
at org.testng.internal.Invoker.invokeConfigurations(Invoker.java:222)
at org.testng.internal.Invoker.invokeMethod(Invoker.java:523)
at org.testng.internal.Invoker.invokeTestMethod(Invoker.java:719)
at org.testng.internal.Invoker.invokeTestMethods(Invoker.java:989)
at org.testng.internal.TestMethodWorker.invokeTestMethods(TestMethodWorker.java:125)
at org.testng.internal.TestMethodWorker.run(TestMethodWorker.java:109)
at org.testng.TestRunner.privateRun(TestRunner.java:648)
at org.testng.TestRunner.run(TestRunner.java:505)
at org.testng.SuiteRunner.runTest(SuiteRunner.java:455)
at org.testng.SuiteRunner.runSequentially(SuiteRunner.java:450)
at org.testng.SuiteRunner.privateRun(SuiteRunner.java:415)
at org.testng.SuiteRunner.run(SuiteRunner.java:364)
at org.testng.SuiteRunnerWorker.runSuite(SuiteRunnerWorker.java:52)
at org.testng.SuiteRunnerWorker.run(SuiteRunnerWorker.java:84)
at org.testng.TestNG.runSuitesSequentially(TestNG.java:1208)
at org.testng.TestNG.runSuitesLocally(TestNG.java:1137)
at org.testng.TestNG.runSuites(TestNG.java:1049)
at org.testng.TestNG.run(TestNG.java:1017)
at org.testng.remote.AbstractRemoteTestNG.run(AbstractRemoteTestNG.java:115)
at org.testng.remote.RemoteTestNG.initAndRun(RemoteTestNG.java:251)
at org.testng.remote.RemoteTestNG.main(RemoteTestNG.java:77)
]]>
    </failure>
  </testcase> <!-- @BeforeMethod skwollLN -->
  <testcase classname="com.skwoll.genericlib.BaseClass" name="@AfterMethod skwollLO" time="0.0">
    <skipped/>
  </testcase> <!-- @AfterMethod skwollLO -->
  <testcase classname="com.skwoll.genericlib.BaseClass" name="@BeforeMethod skwollLN" time="0.0">
    <skipped/>
  </testcase> <!-- @BeforeMethod skwollLN -->
  <testcase classname="com.skwoll.genericlib.BaseClass" name="@AfterMethod skwollLO" time="0.0">
    <skipped/>
  </testcase> <!-- @AfterMethod skwollLO -->
  <testcase classname="com.skwoll.genericlib.BaseClass" name="@BeforeMethod skwollLN" time="0.0">
    <skipped/>
  </testcase> <!-- @BeforeMethod skwollLN -->
  <testcase classname="com.skwoll.genericlib.BaseClass" name="@AfterMethod skwollLO" time="0.0">
    <skipped/>
  </testcase> <!-- @AfterMethod skwollLO -->
  <testcase classname="com.skwoll.genericlib.BaseClass" name="@BeforeMethod skwollLN" time="0.0">
    <skipped/>
  </testcase> <!-- @BeforeMethod skwollLN -->
  <testcase classname="com.skwoll.genericlib.BaseClass" name="@AfterMethod skwollLO" time="0.0">
    <skipped/>
  </testcase> <!-- @AfterMethod skwollLO -->
  <testcase classname="com.skwoll.genericlib.BaseClass" name="@BeforeMethod skwollLN" time="0.0">
    <skipped/>
  </testcase> <!-- @BeforeMethod skwollLN -->
  <testcase classname="com.skwoll.genericlib.BaseClass" name="@AfterMethod skwollLO" time="0.0">
    <skipped/>
  </testcase> <!-- @AfterMethod skwollLO -->
  <testcase classname="com.skwoll.genericlib.BaseClass" name="@BeforeMethod skwollLN" time="0.0">
    <skipped/>
  </testcase> <!-- @BeforeMethod skwollLN -->
  <testcase classname="com.skwoll.genericlib.BaseClass" name="@AfterMethod skwollLO" time="0.0">
    <skipped/>
  </testcase> <!-- @AfterMethod skwollLO -->
  <testcase classname="com.skwoll.genericlib.BaseClass" name="@BeforeMethod skwollLN" time="0.0">
    <skipped/>
  </testcase> <!-- @BeforeMethod skwollLN -->
  <testcase classname="com.skwoll.genericlib.BaseClass" name="@AfterMethod skwollLO" time="0.0">
    <skipped/>
  </testcase> <!-- @AfterMethod skwollLO -->
  <testcase classname="com.skwoll.genericlib.BaseClass" name="@BeforeMethod skwollLN" time="0.0">
    <skipped/>
  </testcase> <!-- @BeforeMethod skwollLN -->
  <testcase classname="com.skwoll.genericlib.BaseClass" name="@AfterMethod skwollLO" time="0.0">
    <skipped/>
  </testcase> <!-- @AfterMethod skwollLO -->
  <testcase classname="com.skwoll.genericlib.BaseClass" name="@BeforeMethod skwollLN" time="0.0">
    <skipped/>
  </testcase> <!-- @BeforeMethod skwollLN -->
  <testcase classname="com.skwoll.genericlib.BaseClass" name="@AfterMethod skwollLO" time="0.0">
    <skipped/>
  </testcase> <!-- @AfterMethod skwollLO -->
  <testcase classname="com.skwoll.genericlib.BaseClass" name="@BeforeMethod skwollLN" time="0.0">
    <skipped/>
  </testcase> <!-- @BeforeMethod skwollLN -->
  <testcase classname="com.skwoll.genericlib.BaseClass" name="@AfterMethod skwollLO" time="0.0">
    <skipped/>
  </testcase> <!-- @AfterMethod skwollLO -->
  <testcase classname="com.skwoll.genericlib.BaseClass" name="@BeforeMethod skwollLN" time="0.0">
    <skipped/>
  </testcase> <!-- @BeforeMethod skwollLN -->
  <testcase classname="com.skwoll.genericlib.BaseClass" name="@AfterMethod skwollLO" time="0.0">
    <skipped/>
  </testcase> <!-- @AfterMethod skwollLO -->
  <testcase classname="com.skwoll.genericlib.BaseClass" name="@BeforeMethod skwollLN" time="0.0">
    <skipped/>
  </testcase> <!-- @BeforeMethod skwollLN -->
  <testcase classname="com.skwoll.genericlib.BaseClass" name="@AfterMethod skwollLO" time="0.0">
    <skipped/>
  </testcase> <!-- @AfterMethod skwollLO -->
  <testcase classname="com.skwoll.genericlib.BaseClass" name="@BeforeMethod skwollLN" time="0.0">
    <skipped/>
  </testcase> <!-- @BeforeMethod skwollLN -->
  <testcase classname="com.skwoll.genericlib.BaseClass" name="@AfterMethod skwollLO" time="0.0">
    <skipped/>
  </testcase> <!-- @AfterMethod skwollLO -->
  <testcase classname="com.skwoll.genericlib.BaseClass" name="@AfterClass skwollCB" time="0.0">
    <skipped/>
  </testcase> <!-- @AfterClass skwollCB -->
  <testcase classname="skwoll.testcases.LoginTest" name="Dashboard" time="15.808"/>
  <testcase classname="skwoll.testcases.LoginTest" name="changePassword" time="5.963"/>
  <testcase classname="skwoll.testcases.LoginTest" name="editProfile" time="0.0">
    <skipped/>
  </testcase> <!-- editProfile -->
  <testcase classname="skwoll.testcases.LoginTest" name="editStripe" time="0.0">
    <skipped/>
  </testcase> <!-- editStripe -->
  <testcase classname="skwoll.testcases.LoginTest" name="event" time="0.0">
    <skipped/>
  </testcase> <!-- event -->
  <testcase classname="skwoll.testcases.LoginTest" name="menuAddCategory" time="0.0">
    <skipped/>
  </testcase> <!-- menuAddCategory -->
  <testcase classname="skwoll.testcases.LoginTest" name="menuAddProduct" time="0.0">
    <skipped/>
  </testcase> <!-- menuAddProduct -->
  <testcase classname="skwoll.testcases.LoginTest" name="menuAddSubcategory" time="0.0">
    <skipped/>
  </testcase> <!-- menuAddSubcategory -->
  <testcase classname="skwoll.testcases.LoginTest" name="menuCategoryList" time="0.0">
    <skipped/>
  </testcase> <!-- menuCategoryList -->
  <testcase classname="skwoll.testcases.LoginTest" name="menuProductList" time="0.0">
    <skipped/>
  </testcase> <!-- menuProductList -->
  <testcase classname="skwoll.testcases.LoginTest" name="menuSubcategoryList" time="0.0">
    <skipped/>
  </testcase> <!-- menuSubcategoryList -->
  <testcase classname="skwoll.testcases.LoginTest" name="menuWelComeDrink" time="0.0">
    <skipped/>
  </testcase> <!-- menuWelComeDrink -->
  <testcase classname="skwoll.testcases.LoginTest" name="order" time="0.0">
    <skipped/>
  </testcase> <!-- order -->
  <testcase classname="skwoll.testcases.LoginTest" name="setting" time="0.0">
    <skipped/>
  </testcase> <!-- setting -->
  <testcase classname="skwoll.testcases.LoginTest" name="viewProfile" time="0.0">
    <skipped/>
  </testcase> <!-- viewProfile -->
</testsuite> <!-- Default test -->
